2025-09-09 16:24:56,649 - INFO - Validated 80 out of 80 marker files
2025-09-09 16:24:56,650 - INFO - Exporting 80 marker files to XLSX
2025-09-09 16:24:56,650 - INFO - Using schema definition: teitok/config/markers_def.xml
2025-09-09 16:24:56,650 - INFO - Output will be saved to: teitok/export/all_finished.xlsx
2025-09-09 16:24:56,661 - INFO - Processing marker file: teitok/markers/finished/markers_gold-cs-asi.xml
2025-09-09 16:24:56,675 - INFO - Selected most informative verbtag from: A----- VCA1SP ------. Using: VCA1SP (with 0 hyphens)
2025-09-09 16:24:56,676 - INFO - Selected most informative verbtag from: ------|A----- VDA2SR. Using: VDA2SR (with 0 hyphens)
2025-09-09 16:24:56,676 - INFO - Selected most informative verbtag from: VDA3SR VFA---. Using: VDA3SR (with 0 hyphens)
2025-09-09 16:24:56,677 - INFO - Selected most informative verbtag from: A----- VDP1SF VFA---. Using: VDP1SF (with 0 hyphens)
2025-09-09 16:24:56,678 - INFO - Selected most informative verbtag from: ------|A----- VCA3SP. Using: VCA3SP (with 0 hyphens)
2025-09-09 16:24:56,679 - INFO - Selected most informative verbtag from: VCA3PP VFA--- A-----. Using: VCA3PP (with 0 hyphens)
2025-09-09 16:24:56,679 - INFO - Selected most informative verbtag from: VFA--- A----- VDA1PF. Using: VDA1PF (with 0 hyphens)
2025-09-09 16:24:56,680 - INFO - Selected most informative verbtag from: ------|A----- VDA2SR. Using: VDA2SR (with 0 hyphens)
2025-09-09 16:24:56,681 - INFO - Extracted 50 items from teitok/markers/finished/markers_gold-cs-asi.xml
2025-09-09 16:24:56,681 - INFO - Processing marker file: teitok/markers/finished/markers_gold-cs-bezpecne.xml
2025-09-09 16:24:56,692 - INFO - Selected most informative verbtag from: A----- VDP3SP. Using: VDP3SP (with 0 hyphens)
2025-09-09 16:24:56,692 - INFO - Selected most informative verbtag from: A----- VCA1SP VFA---. Using: VCA1SP (with 0 hyphens)
2025-09-09 16:24:56,693 - INFO - Selected most informative verbtag from: VFA--- VDA3SP ------. Using: VDA3SP (with 0 hyphens)
2025-09-09 16:24:56,693 - INFO - Selected most informative verbtag from: A----- VDP3PR. Using: VDP3PR (with 0 hyphens)
2025-09-09 16:24:56,694 - INFO - Selected most informative verbtag from: VDA3SR VFA---. Using: VDA3SR (with 0 hyphens)
2025-09-09 16:24:56,694 - INFO - Selected most informative verbtag from: VDA3SR ------ VFA---. Using: VDA3SR (with 0 hyphens)
2025-09-09 16:24:56,694 - INFO - Selected most informative verbtag from: VDA1PR A-----. Using: VDA1PR (with 0 hyphens)
2025-09-09 16:24:56,695 - INFO - Selected most informative verbtag from: ------|A----- VDA2SR. Using: VDA2SR (with 0 hyphens)
2025-09-09 16:24:56,695 - INFO - Selected most informative verbtag from: A----- ------ VDA1PR VFA---. Using: VDA1PR (with 0 hyphens)
2025-09-09 16:24:56,695 - INFO - Selected most informative verbtag from: VDA3SP ------ VFA---. Using: VDA3SP (with 0 hyphens)
2025-09-09 16:24:56,696 - INFO - Selected most informative verbtag from: VDA1SR A----- ------. Using: VDA1SR (with 0 hyphens)
2025-09-09 16:24:56,696 - INFO - Selected most informative verbtag from: VDA1SR A-----. Using: VDA1SR (with 0 hyphens)
2025-09-09 16:24:56,698 - INFO - Selected most informative verbtag from: VDA3PR VFA---. Using: VDA3PR (with 0 hyphens)
2025-09-09 16:24:56,698 - INFO - Extracted 50 items from teitok/markers/finished/markers_gold-cs-bezpecne.xml
2025-09-09 16:24:56,699 - INFO - Processing marker file: teitok/markers/finished/markers_gold-cs-bezpochyby.xml
2025-09-09 16:24:56,713 - INFO - Selected most informative verbtag from: VDA3SR VFA---. Using: VDA3SR (with 0 hyphens)
2025-09-09 16:24:56,715 - INFO - Selected most informative verbtag from: A----- VDA3SF. Using: VDA3SF (with 0 hyphens)
2025-09-09 16:24:56,715 - INFO - Selected most informative verbtag from: VDA2PP ------ VFA---. Using: VDA2PP (with 0 hyphens)
2025-09-09 16:24:56,716 - INFO - Selected most informative verbtag from: VDA3SR --p---. Using: VDA3SR (with 0 hyphens)
2025-09-09 16:24:56,716 - INFO - Selected most informative verbtag from: A----- VCA3PP. Using: VCA3PP (with 0 hyphens)
2025-09-09 16:24:56,717 - INFO - Extracted 50 items from teitok/markers/finished/markers_gold-cs-bezpochyby.xml
2025-09-09 16:24:56,717 - INFO - Processing marker file: teitok/markers/finished/markers_gold-cs-doopravdy.xml
2025-09-09 16:24:56,726 - INFO - Selected most informative verbtag from: A----- VCA1SP VFA---. Using: VCA1SP (with 0 hyphens)
2025-09-09 16:24:56,728 - INFO - Selected most informative verbtag from: VDA2SF VFA---. Using: VDA2SF (with 0 hyphens)
2025-09-09 16:24:56,728 - INFO - Selected most informative verbtag from: ------ VDA1SR VFA---. Using: VDA1SR (with 0 hyphens)
2025-09-09 16:24:56,729 - INFO - Extracted 50 items from teitok/markers/finished/markers_gold-cs-doopravdy.xml
2025-09-09 16:24:56,729 - INFO - Processing marker file: teitok/markers/finished/markers_gold-cs-evidentne.xml
2025-09-09 16:24:56,738 - INFO - Selected most informative verbtag from: VDA3PR --p---. Using: VDA3PR (with 0 hyphens)
2025-09-09 16:24:56,739 - INFO - Selected most informative verbtag from: VDA3SR --p---. Using: VDA3SR (with 0 hyphens)
2025-09-09 16:24:56,740 - INFO - Selected most informative verbtag from: VDA3SR VFA---. Using: VDA3SR (with 0 hyphens)
2025-09-09 16:24:56,740 - INFO - Extracted 29 items from teitok/markers/finished/markers_gold-cs-evidentne.xml
2025-09-09 16:24:56,741 - INFO - Processing marker file: teitok/markers/finished/markers_gold-cs-fakt.xml
2025-09-09 16:24:56,749 - INFO - Selected most informative verbtag from: VDA3SP VFA---. Using: VDA3SP (with 0 hyphens)
2025-09-09 16:24:56,750 - INFO - Selected most informative verbtag from: ------|A----- VDA2SR. Using: VDA2SR (with 0 hyphens)
2025-09-09 16:24:56,752 - INFO - Selected most informative verbtag from: A----- ------ VDA1SR. Using: VDA1SR (with 0 hyphens)
2025-09-09 16:24:56,752 - INFO - Selected most informative verbtag from: A----- ------ VCA3SP VFA---. Using: VCA3SP (with 0 hyphens)
2025-09-09 16:24:56,754 - INFO - Extracted 50 items from teitok/markers/finished/markers_gold-cs-fakt.xml
2025-09-09 16:24:56,754 - INFO - Processing marker file: teitok/markers/finished/markers_gold-cs-jasne.xml
2025-09-09 16:24:56,764 - INFO - Selected most informative verbtag from: VDA3SR VFA---. Using: VDA3SR (with 0 hyphens)
2025-09-09 16:24:56,765 - INFO - Selected most informative verbtag from: A----- VDP3PP. Using: VDP3PP (with 0 hyphens)
2025-09-09 16:24:56,765 - INFO - Selected most informative verbtag from: ------|A----- ------ VCA3SP. Using: VCA3SP (with 0 hyphens)
2025-09-09 16:24:56,766 - INFO - Extracted 50 items from teitok/markers/finished/markers_gold-cs-jasne.xml
2025-09-09 16:24:56,766 - INFO - Processing marker file: teitok/markers/finished/markers_gold-cs-jednoznacne.xml
2025-09-09 16:24:56,776 - INFO - Selected most informative verbtag from: A----- VDP3PP. Using: VDP3PP (with 0 hyphens)
2025-09-09 16:24:56,776 - INFO - Extracted 50 items from teitok/markers/finished/markers_gold-cs-jednoznacne.xml
2025-09-09 16:24:56,776 - INFO - Processing marker file: teitok/markers/finished/markers_gold-cs-jiste.xml
2025-09-09 16:24:56,784 - INFO - Selected most informative verbtag from: A----- VCA3SP ------. Using: VCA3SP (with 0 hyphens)
2025-09-09 16:24:56,785 - INFO - Selected most informative verbtag from: VDA3SR VFA---. Using: VDA3SR (with 0 hyphens)
2025-09-09 16:24:56,785 - INFO - Selected most informative verbtag from: A----- VCA1SP. Using: VCA1SP (with 0 hyphens)
2025-09-09 16:24:56,786 - INFO - Selected most informative verbtag from: A----- ------ VCA3SP. Using: VCA3SP (with 0 hyphens)
2025-09-09 16:24:56,786 - INFO - Selected most informative verbtag from: VDA3SR VFA---. Using: VDA3SR (with 0 hyphens)
2025-09-09 16:24:56,787 - INFO - Selected most informative verbtag from: A----- ------ A----- VCA1SR. Using: VCA1SR (with 0 hyphens)
2025-09-09 16:24:56,787 - INFO - Selected most informative verbtag from: A----- VCA3SP. Using: VCA3SP (with 0 hyphens)
2025-09-09 16:24:56,787 - INFO - Selected most informative verbtag from: A----- ------ VCA3SP. Using: VCA3SP (with 0 hyphens)
2025-09-09 16:24:56,787 - INFO - Selected most informative verbtag from: A----- VCA1SP. Using: VCA1SP (with 0 hyphens)
2025-09-09 16:24:56,788 - INFO - Extracted 50 items from teitok/markers/finished/markers_gold-cs-jiste.xml
2025-09-09 16:24:56,789 - INFO - Processing marker file: teitok/markers/finished/markers_gold-cs-kazdopadne.xml
2025-09-09 16:24:56,796 - INFO - Selected most informative verbtag from: VFA--- VDA3SF. Using: VDA3SF (with 0 hyphens)
2025-09-09 16:24:56,798 - INFO - Selected most informative verbtag from: A----- ------ VDA1SR. Using: VDA1SR (with 0 hyphens)
2025-09-09 16:24:56,798 - INFO - Selected most informative verbtag from: VDA3SP VFA---. Using: VDA3SP (with 0 hyphens)
2025-09-09 16:24:56,799 - INFO - Extracted 50 items from teitok/markers/finished/markers_gold-cs-kazdopadne.xml
2025-09-09 16:24:56,799 - INFO - Processing marker file: teitok/markers/finished/markers_gold-cs-mozna.xml
2025-09-09 16:24:56,806 - INFO - Selected most informative verbtag from: A----- VDA1SR. Using: VDA1SR (with 0 hyphens)
2025-09-09 16:24:56,806 - INFO - Selected most informative verbtag from: A----- VDA1SR. Using: VDA1SR (with 0 hyphens)
2025-09-09 16:24:56,807 - INFO - Selected most informative verbtag from: A----- VCA3SP. Using: VCA3SP (with 0 hyphens)
2025-09-09 16:24:56,808 - INFO - Selected most informative verbtag from: VDA3SR VFA---. Using: VDA3SR (with 0 hyphens)
2025-09-09 16:24:56,808 - INFO - Selected most informative verbtag from: A----- ------ VCA3PP. Using: VCA3PP (with 0 hyphens)
2025-09-09 16:24:56,808 - INFO - Selected most informative verbtag from: A----- VDA3SF. Using: VDA3SF (with 0 hyphens)
2025-09-09 16:24:56,808 - INFO - Selected most informative verbtag from: A----- VCA2SP VFA---. Using: VCA2SP (with 0 hyphens)
2025-09-09 16:24:56,809 - INFO - Selected most informative verbtag from: A----- VDA1SR. Using: VDA1SR (with 0 hyphens)
2025-09-09 16:24:56,810 - INFO - Selected most informative verbtag from: A----- VDA1SR. Using: VDA1SR (with 0 hyphens)
2025-09-09 16:24:56,810 - INFO - Selected most informative verbtag from: A----- VDA1SR ------. Using: VDA1SR (with 0 hyphens)
2025-09-09 16:24:56,810 - INFO - Selected most informative verbtag from: A----- ------ VCA3SP. Using: VCA3SP (with 0 hyphens)
2025-09-09 16:24:56,810 - INFO - Selected most informative verbtag from: A----- VDP3SP. Using: VDP3SP (with 0 hyphens)
2025-09-09 16:24:56,811 - INFO - Selected most informative verbtag from: A----- VCA3PP. Using: VCA3PP (with 0 hyphens)
2025-09-09 16:24:56,811 - INFO - Extracted 50 items from teitok/markers/finished/markers_gold-cs-mozna.xml
2025-09-09 16:24:56,811 - INFO - Processing marker file: teitok/markers/finished/markers_gold-cs-nejspis.xml
2025-09-09 16:24:56,818 - INFO - Selected most informative verbtag from: A----- VDA1SR. Using: VDA1SR (with 0 hyphens)
2025-09-09 16:24:56,819 - INFO - Selected most informative verbtag from: A----- VCA3SP. Using: VCA3SP (with 0 hyphens)
2025-09-09 16:24:56,820 - INFO - Selected most informative verbtag from: VDA3SP ------ VFA---. Using: VDA3SP (with 0 hyphens)
2025-09-09 16:24:56,820 - INFO - Selected most informative verbtag from: ------ VDA1SP VFA---. Using: VDA1SP (with 0 hyphens)
2025-09-09 16:24:56,821 - INFO - Selected most informative verbtag from: A----- VCA3SP. Using: VCA3SP (with 0 hyphens)
2025-09-09 16:24:56,821 - INFO - Selected most informative verbtag from: A----- VCA3SP. Using: VCA3SP (with 0 hyphens)
2025-09-09 16:24:56,822 - INFO - Selected most informative verbtag from: VCA3SP A-----. Using: VCA3SP (with 0 hyphens)
2025-09-09 16:24:56,822 - INFO - Selected most informative verbtag from: A----- ------ VCA1PP. Using: VCA1PP (with 0 hyphens)
2025-09-09 16:24:56,822 - INFO - Extracted 50 items from teitok/markers/finished/markers_gold-cs-nejspis.xml
2025-09-09 16:24:56,823 - INFO - Processing marker file: teitok/markers/finished/markers_gold-cs-nepochybne.xml
2025-09-09 16:24:56,829 - INFO - Selected most informative verbtag from: VDA3SR VFA---. Using: VDA3SR (with 0 hyphens)
2025-09-09 16:24:56,831 - INFO - Selected most informative verbtag from: VDA3PF VFA---. Using: VDA3PF (with 0 hyphens)
2025-09-09 16:24:56,832 - INFO - Extracted 50 items from teitok/markers/finished/markers_gold-cs-nepochybne.xml
2025-09-09 16:24:56,833 - INFO - Processing marker file: teitok/markers/finished/markers_gold-cs-nutne.xml
2025-09-09 16:24:56,839 - INFO - Selected most informative verbtag from: ------|A----- VCA1SP. Using: VCA1SP (with 0 hyphens)
2025-09-09 16:24:56,839 - INFO - Selected most informative verbtag from: A----- ------ VDA3SR VFA---. Using: VDA3SR (with 0 hyphens)
2025-09-09 16:24:56,840 - INFO - Selected most informative verbtag from: VDA3SP VFA---. Using: VDA3SP (with 0 hyphens)
2025-09-09 16:24:56,840 - INFO - Selected most informative verbtag from: A----- VCA1SP VFA---. Using: VCA1SP (with 0 hyphens)
2025-09-09 16:24:56,840 - INFO - Selected most informative verbtag from: VDA3SP VFA--- ------. Using: VDA3SP (with 0 hyphens)
2025-09-09 16:24:56,841 - INFO - Selected most informative verbtag from: VDA3PP VFA---. Using: VDA3PP (with 0 hyphens)
2025-09-09 16:24:56,841 - INFO - Selected most informative verbtag from: ------ VDA3SP VFA---. Using: VDA3SP (with 0 hyphens)
2025-09-09 16:24:56,841 - INFO - Selected most informative verbtag from: VDA3SR VFA--- ------ ------. Using: VDA3SR (with 0 hyphens)
2025-09-09 16:24:56,841 - INFO - Selected most informative verbtag from: A----- VDA1PR. Using: VDA1PR (with 0 hyphens)
2025-09-09 16:24:56,841 - INFO - Selected most informative verbtag from: VDA3SP VFA--- ------. Using: VDA3SP (with 0 hyphens)
2025-09-09 16:24:56,842 - INFO - Selected most informative verbtag from: ------ VDA3SP VFA---. Using: VDA3SP (with 0 hyphens)
2025-09-09 16:24:56,842 - INFO - Multiple verbtags with same informativeness found: VDA3SB VDA3SP. Using the first one with 0 hyphens: VDA3SB
2025-09-09 16:24:56,842 - INFO - Selected most informative verbtag from: ------|A----- VCA3SP. Using: VCA3SP (with 0 hyphens)
2025-09-09 16:24:56,843 - INFO - Selected most informative verbtag from: VCA3SP A----- VFA---. Using: VCA3SP (with 0 hyphens)
2025-09-09 16:24:56,843 - INFO - Selected most informative verbtag from: VDA3SP VFA---. Using: VDA3SP (with 0 hyphens)
2025-09-09 16:24:56,843 - INFO - Selected most informative verbtag from: VDA3SP VFA---. Using: VDA3SP (with 0 hyphens)
2025-09-09 16:24:56,843 - INFO - Selected most informative verbtag from: ------ ------ VDA3SR VFA---. Using: VDA3SR (with 0 hyphens)
2025-09-09 16:24:56,843 - INFO - Extracted 50 items from teitok/markers/finished/markers_gold-cs-nutne.xml
2025-09-09 16:24:56,844 - INFO - Processing marker file: teitok/markers/finished/markers_gold-cs-ocividne.xml
2025-09-09 16:24:56,851 - INFO - Selected most informative verbtag from: VDA3SF VFA---. Using: VDA3SF (with 0 hyphens)
2025-09-09 16:24:56,852 - INFO - Selected most informative verbtag from: VDA3SP VFA---. Using: VDA3SP (with 0 hyphens)
2025-09-09 16:24:56,852 - INFO - Selected most informative verbtag from: VDA3SP --p---. Using: VDA3SP (with 0 hyphens)
2025-09-09 16:24:56,853 - INFO - Selected most informative verbtag from: ------ VDA3SR VFA---. Using: VDA3SR (with 0 hyphens)
2025-09-09 16:24:56,854 - INFO - Selected most informative verbtag from: ------ VDA3SR VFA---. Using: VDA3SR (with 0 hyphens)
2025-09-09 16:24:56,854 - INFO - Selected most informative verbtag from: A----- VDP3SP. Using: VDP3SP (with 0 hyphens)
2025-09-09 16:24:56,854 - INFO - Selected most informative verbtag from: A----- VDP3SP. Using: VDP3SP (with 0 hyphens)
2025-09-09 16:24:56,854 - INFO - Extracted 50 items from teitok/markers/finished/markers_gold-cs-ocividne.xml
2025-09-09 16:24:56,854 - INFO - Processing marker file: teitok/markers/finished/markers_gold-cs-opravdu.xml
2025-09-09 16:24:56,860 - INFO - Selected most informative verbtag from: ------ VDA3SP VFA---. Using: VDA3SP (with 0 hyphens)
2025-09-09 16:24:56,860 - INFO - Selected most informative verbtag from: ------ VDA2SP VFA---. Using: VDA2SP (with 0 hyphens)
2025-09-09 16:24:56,861 - INFO - Selected most informative verbtag from: A----- VDA1SR VFA--- ------. Using: VDA1SR (with 0 hyphens)
2025-09-09 16:24:56,861 - INFO - Selected most informative verbtag from: A----- VCA2SP. Using: VCA2SP (with 0 hyphens)
2025-09-09 16:24:56,861 - INFO - Selected most informative verbtag from: A----- ------ VDA1SR VFA---. Using: VDA1SR (with 0 hyphens)
2025-09-09 16:24:56,862 - INFO - Selected most informative verbtag from: A----- VDP3SP. Using: VDP3SP (with 0 hyphens)
2025-09-09 16:24:56,862 - INFO - Selected most informative verbtag from: ------ VDA3SR VFA---. Using: VDA3SR (with 0 hyphens)
2025-09-09 16:24:56,862 - INFO - Selected most informative verbtag from: VDA2PR A----- VFA---. Using: VDA2PR (with 0 hyphens)
2025-09-09 16:24:56,862 - INFO - Selected most informative verbtag from: A----- ------ VDA1SR. Using: VDA1SR (with 0 hyphens)
2025-09-09 16:24:56,863 - INFO - Selected most informative verbtag from: ------ VDA2SP VFA---. Using: VDA2SP (with 0 hyphens)
2025-09-09 16:24:56,863 - INFO - Selected most informative verbtag from: VDA3SP VFA---. Using: VDA3SP (with 0 hyphens)
2025-09-09 16:24:56,863 - INFO - Selected most informative verbtag from: VDA3SP VFA---. Using: VDA3SP (with 0 hyphens)
2025-09-09 16:24:56,863 - INFO - Selected most informative verbtag from: ------ VDA1SF VFA---. Using: VDA1SF (with 0 hyphens)
2025-09-09 16:24:56,863 - INFO - Selected most informative verbtag from: A----- VDA1SR. Using: VDA1SR (with 0 hyphens)
2025-09-09 16:24:56,864 - INFO - Selected most informative verbtag from: VDA2PP VFA---. Using: VDA2PP (with 0 hyphens)
2025-09-09 16:24:56,864 - INFO - Selected most informative verbtag from: A----- VDA1SR. Using: VDA1SR (with 0 hyphens)
2025-09-09 16:24:56,864 - INFO - Extracted 50 items from teitok/markers/finished/markers_gold-cs-opravdu.xml
2025-09-09 16:24:56,864 - INFO - Processing marker file: teitok/markers/finished/markers_gold-cs-ovsem.xml
2025-09-09 16:24:56,871 - INFO - Selected most informative verbtag from: A----- VDP3SP. Using: VDP3SP (with 0 hyphens)
2025-09-09 16:24:56,871 - INFO - Selected most informative verbtag from: VDA1SR A----- VFA---. Using: VDA1SR (with 0 hyphens)
2025-09-09 16:24:56,871 - INFO - Selected most informative verbtag from: A----- VCA3PP. Using: VCA3PP (with 0 hyphens)
2025-09-09 16:24:56,871 - INFO - Selected most informative verbtag from: A----- VDA1PR. Using: VDA1PR (with 0 hyphens)
2025-09-09 16:24:56,872 - INFO - Selected most informative verbtag from: ------ VDA3SR VFA---. Using: VDA3SR (with 0 hyphens)
2025-09-09 16:24:56,872 - INFO - Selected most informative verbtag from: A----- VDP3SP. Using: VDP3SP (with 0 hyphens)
2025-09-09 16:24:56,872 - INFO - Selected most informative verbtag from: ------ VDA1SP VFA---. Using: VDA1SP (with 0 hyphens)
2025-09-09 16:24:56,872 - INFO - Selected most informative verbtag from: VDA3SP VFA---. Using: VDA3SP (with 0 hyphens)
2025-09-09 16:24:56,873 - INFO - Selected most informative verbtag from: A----- VDP3SR. Using: VDP3SR (with 0 hyphens)
2025-09-09 16:24:56,873 - INFO - Selected most informative verbtag from: A----- ------ ------ VDA1SF. Using: VDA1SF (with 0 hyphens)
2025-09-09 16:24:56,873 - INFO - Extracted 50 items from teitok/markers/finished/markers_gold-cs-ovsem.xml
2025-09-09 16:24:56,873 - INFO - Processing marker file: teitok/markers/finished/markers_gold-cs-patrne.xml
2025-09-09 16:24:56,879 - INFO - Selected most informative verbtag from: A----- VCA3SP. Using: VCA3SP (with 0 hyphens)
2025-09-09 16:24:56,879 - INFO - Selected most informative verbtag from: VDA1PF VFA---. Using: VDA1PF (with 0 hyphens)
2025-09-09 16:24:56,879 - INFO - Selected most informative verbtag from: A----- VDA2SR. Using: VDA2SR (with 0 hyphens)
2025-09-09 16:24:56,881 - INFO - Selected most informative verbtag from: A----- ------ VCA1PP. Using: VCA1PP (with 0 hyphens)
2025-09-09 16:24:56,881 - INFO - Selected most informative verbtag from: A----- VDA3SF VFA---. Using: VDA3SF (with 0 hyphens)
2025-09-09 16:24:56,881 - INFO - Selected most informative verbtag from: A----- VCA3PP. Using: VCA3PP (with 0 hyphens)
2025-09-09 16:24:56,881 - INFO - Selected most informative verbtag from: A----- VDA1SR. Using: VDA1SR (with 0 hyphens)
2025-09-09 16:24:56,882 - INFO - Selected most informative verbtag from: A----- VDA1PR. Using: VDA1PR (with 0 hyphens)
2025-09-09 16:24:56,882 - INFO - Extracted 50 items from teitok/markers/finished/markers_gold-cs-patrne.xml
2025-09-09 16:24:56,882 - INFO - Processing marker file: teitok/markers/finished/markers_gold-cs-pochopitelne.xml
2025-09-09 16:24:56,887 - INFO - Selected most informative verbtag from: VDA3PR --p---. Using: VDA3PR (with 0 hyphens)
2025-09-09 16:24:56,887 - INFO - Selected most informative verbtag from: A----- ------ VDA1SR. Using: VDA1SR (with 0 hyphens)
2025-09-09 16:24:56,888 - INFO - Selected most informative verbtag from: VFA--- VDA3SP. Using: VDA3SP (with 0 hyphens)
2025-09-09 16:24:56,888 - INFO - Multiple verbtags with same informativeness found: VDA3PR ------ VDA3PR. Using the first one with 0 hyphens: VDA3PR
2025-09-09 16:24:56,888 - INFO - Selected most informative verbtag from: A----- VDA1SR. Using: VDA1SR (with 0 hyphens)
2025-09-09 16:24:56,888 - INFO - Selected most informative verbtag from: VDA3SF VFA---. Using: VDA3SF (with 0 hyphens)
2025-09-09 16:24:56,888 - INFO - Selected most informative verbtag from: ------ VCA3SP VFA---. Using: VCA3SP (with 0 hyphens)
2025-09-09 16:24:56,888 - INFO - Selected most informative verbtag from: A----- VDA1PR. Using: VDA1PR (with 0 hyphens)
2025-09-09 16:24:56,889 - INFO - Selected most informative verbtag from: A----- VDA1PR. Using: VDA1PR (with 0 hyphens)
2025-09-09 16:24:56,890 - INFO - Selected most informative verbtag from: A----- VDA1PR. Using: VDA1PR (with 0 hyphens)
2025-09-09 16:24:56,890 - INFO - Extracted 50 items from teitok/markers/finished/markers_gold-cs-pochopitelne.xml
2025-09-09 16:24:56,890 - INFO - Processing marker file: teitok/markers/finished/markers_gold-cs-podle_vseho.xml
2025-09-09 16:24:56,896 - INFO - Selected most informative verbtag from: VDA3SR VFA---. Using: VDA3SR (with 0 hyphens)
2025-09-09 16:24:56,896 - INFO - Selected most informative verbtag from: A----- ------ VCA3SP. Using: VCA3SP (with 0 hyphens)
2025-09-09 16:24:56,897 - INFO - Selected most informative verbtag from: A----- VDP3PR. Using: VDP3PR (with 0 hyphens)
2025-09-09 16:24:56,897 - INFO - Selected most informative verbtag from: ------ VDA3SF VFA---. Using: VDA3SF (with 0 hyphens)
2025-09-09 16:24:56,897 - INFO - Selected most informative verbtag from: A----- VCA3PP. Using: VCA3PP (with 0 hyphens)
2025-09-09 16:24:56,897 - INFO - Extracted 39 items from teitok/markers/finished/markers_gold-cs-podle_vseho.xml
2025-09-09 16:24:56,898 - INFO - Processing marker file: teitok/markers/finished/markers_gold-cs-pravdepodobne.xml
2025-09-09 16:24:56,903 - INFO - Selected most informative verbtag from: VCA3SP A----- VFA---. Using: VCA3SP (with 0 hyphens)
2025-09-09 16:24:56,903 - INFO - Selected most informative verbtag from: A----- VCA3SP ------. Using: VCA3SP (with 0 hyphens)
2025-09-09 16:24:56,904 - INFO - Selected most informative verbtag from: A----- A----- VCA1SR VFA---. Using: VCA1SR (with 0 hyphens)
2025-09-09 16:24:56,904 - INFO - Selected most informative verbtag from: VDA3SR VFA---. Using: VDA3SR (with 0 hyphens)
2025-09-09 16:24:56,904 - INFO - Multiple verbtags with same informativeness found: ------ VDA3SR VDA3SR. Using the first one with 0 hyphens: VDA3SR
2025-09-09 16:24:56,904 - INFO - Selected most informative verbtag from: A----- VDA3SF. Using: VDA3SF (with 0 hyphens)
2025-09-09 16:24:56,905 - INFO - Selected most informative verbtag from: A----- VCA3PP. Using: VCA3PP (with 0 hyphens)
2025-09-09 16:24:56,905 - INFO - Selected most informative verbtag from: A----- ------ VCA3SP. Using: VCA3SP (with 0 hyphens)
2025-09-09 16:24:56,906 - INFO - Selected most informative verbtag from: VDA3SF A-----. Using: VDA3SF (with 0 hyphens)
2025-09-09 16:24:56,906 - INFO - Selected most informative verbtag from: A----- VCA3SP. Using: VCA3SP (with 0 hyphens)
2025-09-09 16:24:56,906 - INFO - Extracted 50 items from teitok/markers/finished/markers_gold-cs-pravdepodobne.xml
2025-09-09 16:24:56,906 - INFO - Processing marker file: teitok/markers/finished/markers_gold-cs-prirozene.xml
2025-09-09 16:24:56,912 - INFO - Selected most informative verbtag from: VDA3SR VFA---. Using: VDA3SR (with 0 hyphens)
2025-09-09 16:24:56,912 - INFO - Selected most informative verbtag from: A----- A----- ------ VCA1SR. Using: VCA1SR (with 0 hyphens)
2025-09-09 16:24:56,912 - INFO - Selected most informative verbtag from: A----- VDA1PR. Using: VDA1PR (with 0 hyphens)
2025-09-09 16:24:56,912 - INFO - Selected most informative verbtag from: VDA1SR A----- VFA---. Using: VDA1SR (with 0 hyphens)
2025-09-09 16:24:56,913 - INFO - Selected most informative verbtag from: A----- VDA1PR. Using: VDA1PR (with 0 hyphens)
2025-09-09 16:24:56,913 - INFO - Selected most informative verbtag from: VFA--- VDA1PP. Using: VDA1PP (with 0 hyphens)
2025-09-09 16:24:56,913 - INFO - Multiple verbtags with same informativeness found: VDA1SP VDA1SR. Using the first one with 0 hyphens: VDA1SP
2025-09-09 16:24:56,913 - INFO - Selected most informative verbtag from: A----- VDA1SR. Using: VDA1SR (with 0 hyphens)
2025-09-09 16:24:56,913 - INFO - Selected most informative verbtag from: A----- VDA1PR. Using: VDA1PR (with 0 hyphens)
2025-09-09 16:24:56,914 - INFO - Multiple verbtags with same informativeness found: A----- --p---. Using the first one with 5 hyphens: A-----
2025-09-09 16:24:56,914 - INFO - Extracted 50 items from teitok/markers/finished/markers_gold-cs-prirozene.xml
2025-09-09 16:24:56,914 - INFO - Processing marker file: teitok/markers/finished/markers_gold-cs-pry.xml
2025-09-09 16:24:56,920 - INFO - Selected most informative verbtag from: A----- ------ VCA3SP VFA---. Using: VCA3SP (with 0 hyphens)
2025-09-09 16:24:56,920 - INFO - Selected most informative verbtag from: A----- VDA2PR. Using: VDA2PR (with 0 hyphens)
2025-09-09 16:24:56,920 - INFO - Selected most informative verbtag from: A----- VDA1SR. Using: VDA1SR (with 0 hyphens)
2025-09-09 16:24:56,920 - INFO - Selected most informative verbtag from: ------|A----- VCA1PP. Using: VCA1PP (with 0 hyphens)
2025-09-09 16:24:56,920 - INFO - Selected most informative verbtag from: A----- VDA1SR. Using: VDA1SR (with 0 hyphens)
2025-09-09 16:24:56,921 - INFO - Selected most informative verbtag from: ------|A----- VCA1PP. Using: VCA1PP (with 0 hyphens)
2025-09-09 16:24:56,921 - INFO - Selected most informative verbtag from: A----- VDA2PR. Using: VDA2PR (with 0 hyphens)
2025-09-09 16:24:56,921 - INFO - Selected most informative verbtag from: A----- VCA1PP. Using: VCA1PP (with 0 hyphens)
2025-09-09 16:24:56,922 - INFO - Selected most informative verbtag from: ------ VDA3SP VFA---. Using: VDA3SP (with 0 hyphens)
2025-09-09 16:24:56,922 - INFO - Selected most informative verbtag from: VDA3PP VFA---. Using: VDA3PP (with 0 hyphens)
2025-09-09 16:24:56,923 - INFO - Selected most informative verbtag from: VDA3SP --p---. Using: VDA3SP (with 0 hyphens)
2025-09-09 16:24:56,923 - INFO - Extracted 50 items from teitok/markers/finished/markers_gold-cs-pry.xml
2025-09-09 16:24:56,923 - INFO - Processing marker file: teitok/markers/finished/markers_gold-cs-rozhodne.xml
2025-09-09 16:24:56,928 - INFO - Selected most informative verbtag from: ------ VDA3SR VFA---. Using: VDA3SR (with 0 hyphens)
2025-09-09 16:24:56,929 - INFO - Selected most informative verbtag from: A----- VCA2SP. Using: VCA2SP (with 0 hyphens)
2025-09-09 16:24:56,929 - INFO - Selected most informative verbtag from: A----- ------ VCA1SP VFA---. Using: VCA1SP (with 0 hyphens)
2025-09-09 16:24:56,929 - INFO - Selected most informative verbtag from: A----- VDA1SR. Using: VDA1SR (with 0 hyphens)
2025-09-09 16:24:56,929 - INFO - Selected most informative verbtag from: A----- VCA3SP. Using: VCA3SP (with 0 hyphens)
2025-09-09 16:24:56,929 - INFO - Selected most informative verbtag from: A----- VCA1SP. Using: VCA1SP (with 0 hyphens)
2025-09-09 16:24:56,930 - INFO - Selected most informative verbtag from: VDA3SR VFA--- ------ ------. Using: VDA3SR (with 0 hyphens)
2025-09-09 16:24:56,930 - INFO - Selected most informative verbtag from: A----- VCA3PP. Using: VCA3PP (with 0 hyphens)
2025-09-09 16:24:56,931 - INFO - Selected most informative verbtag from: A----- ------ VCA1SP VFA---. Using: VCA1SP (with 0 hyphens)
2025-09-09 16:24:56,931 - INFO - Extracted 50 items from teitok/markers/finished/markers_gold-cs-rozhodne.xml
2025-09-09 16:24:56,931 - INFO - Processing marker file: teitok/markers/finished/markers_gold-cs-samozrejme.xml
2025-09-09 16:24:56,936 - INFO - Selected most informative verbtag from: A----- VDP3SR. Using: VDP3SR (with 0 hyphens)
2025-09-09 16:24:56,936 - INFO - Multiple verbtags with same informativeness found: VDA3PR VDA3PR. Using the first one with 0 hyphens: VDA3PR
2025-09-09 16:24:56,936 - INFO - Selected most informative verbtag from: VDA1SR A-----. Using: VDA1SR (with 0 hyphens)
2025-09-09 16:24:56,936 - INFO - Selected most informative verbtag from: A----- VCA3SP ------. Using: VCA3SP (with 0 hyphens)
2025-09-09 16:24:56,936 - INFO - Selected most informative verbtag from: A----- VDA1SR. Using: VDA1SR (with 0 hyphens)
2025-09-09 16:24:56,937 - INFO - Selected most informative verbtag from: A----- VDA3PF. Using: VDA3PF (with 0 hyphens)
2025-09-09 16:24:56,937 - INFO - Selected most informative verbtag from: A----- VDA1SR. Using: VDA1SR (with 0 hyphens)
2025-09-09 16:24:56,938 - INFO - Selected most informative verbtag from: A----- VDP3SR. Using: VDP3SR (with 0 hyphens)
2025-09-09 16:24:56,938 - INFO - Selected most informative verbtag from: A----- VDA1PR. Using: VDA1PR (with 0 hyphens)
2025-09-09 16:24:56,938 - INFO - Selected most informative verbtag from: VDA1SR A----- VFA---. Using: VDA1SR (with 0 hyphens)
2025-09-09 16:24:56,938 - INFO - Selected most informative verbtag from: A----- VDA1SR. Using: VDA1SR (with 0 hyphens)
2025-09-09 16:24:56,938 - INFO - Extracted 50 items from teitok/markers/finished/markers_gold-cs-samozrejme.xml
2025-09-09 16:24:56,938 - INFO - Processing marker file: teitok/markers/finished/markers_gold-cs-skutecne.xml
2025-09-09 16:24:56,943 - INFO - Selected most informative verbtag from: VCA3PP VFA---. Using: VCA3PP (with 0 hyphens)
2025-09-09 16:24:56,944 - INFO - Selected most informative verbtag from: ------ VDA3PR VFA---. Using: VDA3PR (with 0 hyphens)
2025-09-09 16:24:56,944 - INFO - Selected most informative verbtag from: A----- VDP3SR. Using: VDP3SR (with 0 hyphens)
2025-09-09 16:24:56,944 - INFO - Selected most informative verbtag from: VDA3SR VFA---. Using: VDA3SR (with 0 hyphens)
2025-09-09 16:24:56,944 - INFO - Selected most informative verbtag from: A----- VDA1SR. Using: VDA1SR (with 0 hyphens)
2025-09-09 16:24:56,944 - INFO - Selected most informative verbtag from: A----- VCA3SP. Using: VCA3SP (with 0 hyphens)
2025-09-09 16:24:56,945 - INFO - Selected most informative verbtag from: A----- A----- VCA2SR ------. Using: VCA2SR (with 0 hyphens)
2025-09-09 16:24:56,945 - INFO - Selected most informative verbtag from: A----- VDP3PP. Using: VDP3PP (with 0 hyphens)
2025-09-09 16:24:56,945 - INFO - Selected most informative verbtag from: A----- VDA3SF. Using: VDA3SF (with 0 hyphens)
2025-09-09 16:24:56,945 - INFO - Extracted 50 items from teitok/markers/finished/markers_gold-cs-skutecne.xml
2025-09-09 16:24:56,946 - INFO - Processing marker file: teitok/markers/finished/markers_gold-cs-snad.xml
2025-09-09 16:24:56,951 - INFO - Selected most informative verbtag from: VDA3SR VFA---. Using: VDA3SR (with 0 hyphens)
2025-09-09 16:24:56,951 - INFO - Selected most informative verbtag from: A----- ------ VDA1SR. Using: VDA1SR (with 0 hyphens)
2025-09-09 16:24:56,952 - INFO - Selected most informative verbtag from: VDA3SR VFA---. Using: VDA3SR (with 0 hyphens)
2025-09-09 16:24:56,952 - INFO - Selected most informative verbtag from: A----- VCA3PP. Using: VCA3PP (with 0 hyphens)
2025-09-09 16:24:56,952 - INFO - Selected most informative verbtag from: VDA2PP VFA---. Using: VDA2PP (with 0 hyphens)
2025-09-09 16:24:56,953 - INFO - Selected most informative verbtag from: VDA3SP VFA---. Using: VDA3SP (with 0 hyphens)
2025-09-09 16:24:56,953 - INFO - Selected most informative verbtag from: A----- ------ VCA3SP VFA---. Using: VCA3SP (with 0 hyphens)
2025-09-09 16:24:56,953 - INFO - Selected most informative verbtag from: VDA3SR VFA---. Using: VDA3SR (with 0 hyphens)
2025-09-09 16:24:56,953 - INFO - Selected most informative verbtag from: A----- VCA3PP. Using: VCA3PP (with 0 hyphens)
2025-09-09 16:24:56,953 - INFO - Extracted 50 items from teitok/markers/finished/markers_gold-cs-snad.xml
2025-09-09 16:24:56,953 - INFO - Processing marker file: teitok/markers/finished/markers_gold-cs-sotva.xml
2025-09-09 16:24:56,958 - INFO - Selected most informative verbtag from: VDA3PP VFA---. Using: VDA3PP (with 0 hyphens)
2025-09-09 16:24:56,959 - INFO - Selected most informative verbtag from: A----- ------ VCA1SP. Using: VCA1SP (with 0 hyphens)
2025-09-09 16:24:56,960 - INFO - Extracted 50 items from teitok/markers/finished/markers_gold-cs-sotva.xml
2025-09-09 16:24:56,960 - INFO - Processing marker file: teitok/markers/finished/markers_gold-cs-spis.xml
2025-09-09 16:24:56,966 - INFO - Selected most informative verbtag from: A----- VDP3PR. Using: VDP3PR (with 0 hyphens)
2025-09-09 16:24:56,966 - INFO - Selected most informative verbtag from: VDA3PP ------ VFA---. Using: VDA3PP (with 0 hyphens)
2025-09-09 16:24:56,967 - INFO - Selected most informative verbtag from: A----- VDA1SF. Using: VDA1SF (with 0 hyphens)
2025-09-09 16:24:56,967 - INFO - Selected most informative verbtag from: VCA1PP A----- VFA---. Using: VCA1PP (with 0 hyphens)
2025-09-09 16:24:56,968 - INFO - Extracted 50 items from teitok/markers/finished/markers_gold-cs-spis.xml
2025-09-09 16:24:56,968 - INFO - Processing marker file: teitok/markers/finished/markers_gold-cs-stezi.xml
2025-09-09 16:24:56,973 - INFO - Selected most informative verbtag from: VDA3SP ------ VFA---. Using: VDA3SP (with 0 hyphens)
2025-09-09 16:24:56,973 - INFO - Selected most informative verbtag from: VDA3PP VFA---. Using: VDA3PP (with 0 hyphens)
2025-09-09 16:24:56,974 - INFO - Selected most informative verbtag from: A----- VDP3PF. Using: VDP3PF (with 0 hyphens)
2025-09-09 16:24:56,974 - INFO - Extracted 50 items from teitok/markers/finished/markers_gold-cs-stezi.xml
2025-09-09 16:24:56,974 - INFO - Processing marker file: teitok/markers/finished/markers_gold-cs-tezko.xml
2025-09-09 16:24:56,979 - INFO - Selected most informative verbtag from: VDA1PP VFA---. Using: VDA1PP (with 0 hyphens)
2025-09-09 16:24:56,979 - INFO - Selected most informative verbtag from: VDA3SP VFA---. Using: VDA3SP (with 0 hyphens)
2025-09-09 16:24:56,980 - INFO - Selected most informative verbtag from: A----- VCA3SP. Using: VCA3SP (with 0 hyphens)
2025-09-09 16:24:56,980 - INFO - Selected most informative verbtag from: A----- ------ VCA3SP. Using: VCA3SP (with 0 hyphens)
2025-09-09 16:24:56,981 - INFO - Extracted 50 items from teitok/markers/finished/markers_gold-cs-tezko.xml
2025-09-09 16:24:56,981 - INFO - Processing marker file: teitok/markers/finished/markers_gold-cs-treba.xml
2025-09-09 16:24:56,984 - INFO - Selected most informative verbtag from: A----- VCA2vP VFA---. Using: VCA2vP (with 0 hyphens)
2025-09-09 16:24:56,985 - INFO - Selected most informative verbtag from: A----- ------ VCA3SP VFA---. Using: VCA3SP (with 0 hyphens)
2025-09-09 16:24:56,985 - INFO - Selected most informative verbtag from: A----- ------ A----- VCA1SR. Using: VCA1SR (with 0 hyphens)
2025-09-09 16:24:56,985 - INFO - Selected most informative verbtag from: VDA1SR A----- VFA---. Using: VDA1SR (with 0 hyphens)
2025-09-09 16:24:56,986 - INFO - Extracted 50 items from teitok/markers/finished/markers_gold-cs-treba.xml
2025-09-09 16:24:56,986 - INFO - Processing marker file: teitok/markers/finished/markers_gold-cs-udajne.xml
2025-09-09 16:24:56,991 - INFO - Selected most informative verbtag from: A----- VDP3SR. Using: VDP3SR (with 0 hyphens)
2025-09-09 16:24:56,992 - INFO - Selected most informative verbtag from: VDA3SP --p---. Using: VDA3SP (with 0 hyphens)
2025-09-09 16:24:56,992 - INFO - Selected most informative verbtag from: VDA3PP VFA---. Using: VDA3PP (with 0 hyphens)
2025-09-09 16:24:56,993 - INFO - Selected most informative verbtag from: VDA3SP VFA---. Using: VDA3SP (with 0 hyphens)
2025-09-09 16:24:56,993 - INFO - Selected most informative verbtag from: ------ VDA3SP VFA---. Using: VDA3SP (with 0 hyphens)
2025-09-09 16:24:56,993 - INFO - Selected most informative verbtag from: A----- VDA1SR. Using: VDA1SR (with 0 hyphens)
2025-09-09 16:24:56,993 - INFO - Selected most informative verbtag from: VDA3PR VFA---. Using: VDA3PR (with 0 hyphens)
2025-09-09 16:24:56,994 - INFO - Selected most informative verbtag from: VDA3PR VFA---. Using: VDA3PR (with 0 hyphens)
2025-09-09 16:24:56,994 - INFO - Extracted 50 items from teitok/markers/finished/markers_gold-cs-udajne.xml
2025-09-09 16:24:56,994 - INFO - Processing marker file: teitok/markers/finished/markers_gold-cs-urcite.xml
2025-09-09 16:24:56,999 - INFO - Selected most informative verbtag from: ------ VDA3SF VFA---. Using: VDA3SF (with 0 hyphens)
2025-09-09 16:24:56,999 - INFO - Selected most informative verbtag from: ------|A----- VDA2SR. Using: VDA2SR (with 0 hyphens)
2025-09-09 16:24:56,999 - INFO - Selected most informative verbtag from: A----- A----- VCA1SR VFA---. Using: VCA1SR (with 0 hyphens)
2025-09-09 16:24:56,999 - INFO - Selected most informative verbtag from: VDA3SF VFA---. Using: VDA3SF (with 0 hyphens)
2025-09-09 16:24:56,999 - INFO - Selected most informative verbtag from: A----- VDA3SF. Using: VDA3SF (with 0 hyphens)
2025-09-09 16:24:57,000 - INFO - Selected most informative verbtag from: VDA1SF VFA---. Using: VDA1SF (with 0 hyphens)
2025-09-09 16:24:57,000 - INFO - Selected most informative verbtag from: VCA3SP A----- VOP-S- ------ ------. Using: VCA3SP (with 0 hyphens)
2025-09-09 16:24:57,000 - INFO - Selected most informative verbtag from: VDA3SR VFA--- ------. Using: VDA3SR (with 0 hyphens)
2025-09-09 16:24:57,000 - INFO - Selected most informative verbtag from: ------|A----- VCA3SP. Using: VCA3SP (with 0 hyphens)
2025-09-09 16:24:57,000 - INFO - Selected most informative verbtag from: A----- VCA3PP. Using: VCA3PP (with 0 hyphens)
2025-09-09 16:24:57,001 - INFO - Selected most informative verbtag from: ------ A----- VDA3SF. Using: VDA3SF (with 0 hyphens)
2025-09-09 16:24:57,001 - INFO - Selected most informative verbtag from: A----- VCA3SP ------. Using: VCA3SP (with 0 hyphens)
2025-09-09 16:24:57,001 - INFO - Selected most informative verbtag from: A----- VCA3SP ------. Using: VCA3SP (with 0 hyphens)
2025-09-09 16:24:57,001 - INFO - Selected most informative verbtag from: ------ A----- VDA3SF VFA---. Using: VDA3SF (with 0 hyphens)
2025-09-09 16:24:57,001 - INFO - Selected most informative verbtag from: A----- VCA3PP. Using: VCA3PP (with 0 hyphens)
2025-09-09 16:24:57,001 - INFO - Selected most informative verbtag from: A----- VCA2vP. Using: VCA2vP (with 0 hyphens)
2025-09-09 16:24:57,001 - INFO - Extracted 50 items from teitok/markers/finished/markers_gold-cs-urcite.xml
2025-09-09 16:24:57,001 - INFO - Processing marker file: teitok/markers/finished/markers_gold-cs-vazne.xml
2025-09-09 16:24:57,006 - INFO - Selected most informative verbtag from: ------ VDA3SF VFA---. Using: VDA3SF (with 0 hyphens)
2025-09-09 16:24:57,007 - INFO - Selected most informative verbtag from: VDA1SP ------ VFA---. Using: VDA1SP (with 0 hyphens)
2025-09-09 16:24:57,007 - INFO - Selected most informative verbtag from: VDA3SR ------ VFA---. Using: VDA3SR (with 0 hyphens)
2025-09-09 16:24:57,008 - INFO - Selected most informative verbtag from: A----- VDA1SF. Using: VDA1SF (with 0 hyphens)
2025-09-09 16:24:57,008 - INFO - Extracted 50 items from teitok/markers/finished/markers_gold-cs-vazne.xml
2025-09-09 16:24:57,008 - INFO - Processing marker file: teitok/markers/finished/markers_gold-cs-vskutku.xml
2025-09-09 16:24:57,013 - INFO - Selected most informative verbtag from: A----- VDA2PR. Using: VDA2PR (with 0 hyphens)
2025-09-09 16:24:57,013 - INFO - Selected most informative verbtag from: ------ VDA3SR VFA---. Using: VDA3SR (with 0 hyphens)
2025-09-09 16:24:57,014 - INFO - Selected most informative verbtag from: ------ VDA1SF VFA---. Using: VDA1SF (with 0 hyphens)
2025-09-09 16:24:57,014 - INFO - Selected most informative verbtag from: VFA--- ------ VDA2PP. Using: VDA2PP (with 0 hyphens)
2025-09-09 16:24:57,015 - INFO - Selected most informative verbtag from: VDA1PR A----- ------. Using: VDA1PR (with 0 hyphens)
2025-09-09 16:24:57,015 - INFO - Selected most informative verbtag from: A----- VDA1SR. Using: VDA1SR (with 0 hyphens)
2025-09-09 16:24:57,015 - INFO - Extracted 50 items from teitok/markers/finished/markers_gold-cs-vskutku.xml
2025-09-09 16:24:57,016 - INFO - Processing marker file: teitok/markers/finished/markers_gold-cs-zajiste.xml
2025-09-09 16:24:57,020 - INFO - Selected most informative verbtag from: VDA3SP VFA---. Using: VDA3SP (with 0 hyphens)
2025-09-09 16:24:57,051 - INFO - Selected most informative verbtag from: VCA3SP A-----. Using: VCA3SP (with 0 hyphens)
2025-09-09 16:24:57,059 - INFO - Selected most informative verbtag from: VDA3SR VFA---. Using: VDA3SR (with 0 hyphens)
2025-09-09 16:24:57,059 - INFO - Selected most informative verbtag from: VDA3PR VFA---. Using: VDA3PR (with 0 hyphens)
2025-09-09 16:24:57,059 - INFO - Selected most informative verbtag from: VCA3SP A-----. Using: VCA3SP (with 0 hyphens)
2025-09-09 16:24:57,060 - INFO - Selected most informative verbtag from: VDA1SR A----- VFA---. Using: VDA1SR (with 0 hyphens)
2025-09-09 16:24:57,060 - INFO - Selected most informative verbtag from: A----- VDA1PF. Using: VDA1PF (with 0 hyphens)
2025-09-09 16:24:57,060 - INFO - Selected most informative verbtag from: VDA1SR A----- VFA---. Using: VDA1SR (with 0 hyphens)
2025-09-09 16:24:57,060 - INFO - Extracted 50 items from teitok/markers/finished/markers_gold-cs-zajiste.xml
2025-09-09 16:24:57,063 - INFO - Processing marker file: teitok/markers/finished/markers_gold-cs-zjevne.xml
2025-09-09 16:24:57,077 - INFO - Selected most informative verbtag from: A----- VDP3SR. Using: VDP3SR (with 0 hyphens)
2025-09-09 16:24:57,078 - INFO - Selected most informative verbtag from: A----- VCA3SP. Using: VCA3SP (with 0 hyphens)
2025-09-09 16:24:57,078 - INFO - Selected most informative verbtag from: VDA3SP VFA---. Using: VDA3SP (with 0 hyphens)
2025-09-09 16:24:57,079 - INFO - Selected most informative verbtag from: VDA3SR VFA---. Using: VDA3SR (with 0 hyphens)
2025-09-09 16:24:57,079 - INFO - Extracted 50 items from teitok/markers/finished/markers_gold-cs-zjevne.xml
2025-09-09 16:24:57,079 - INFO - Processing marker file: teitok/markers/finished/markers_gold-cs-zrejme.xml
2025-09-09 16:24:57,084 - INFO - Selected most informative verbtag from: A----- ------ VDA1SR. Using: VDA1SR (with 0 hyphens)
2025-09-09 16:24:57,084 - INFO - Selected most informative verbtag from: VDA3SP VFA--- ------. Using: VDA3SP (with 0 hyphens)
2025-09-09 16:24:57,085 - INFO - Selected most informative verbtag from: A----- VDP3PR. Using: VDP3PR (with 0 hyphens)
2025-09-09 16:24:57,085 - INFO - Selected most informative verbtag from: A----- VDA1SR. Using: VDA1SR (with 0 hyphens)
2025-09-09 16:24:57,085 - INFO - Selected most informative verbtag from: VDA1SR A-----. Using: VDA1SR (with 0 hyphens)
2025-09-09 16:24:57,085 - INFO - Multiple verbtags with same informativeness found: VDA3PR VDA3PR. Using the first one with 0 hyphens: VDA3PR
2025-09-09 16:24:57,086 - INFO - Selected most informative verbtag from: VDA3SR VFA---. Using: VDA3SR (with 0 hyphens)
2025-09-09 16:24:57,086 - INFO - Selected most informative verbtag from: VDA3SR VFA---. Using: VDA3SR (with 0 hyphens)
2025-09-09 16:24:57,086 - INFO - Selected most informative verbtag from: VDA3SR VFA---. Using: VDA3SR (with 0 hyphens)
2025-09-09 16:24:57,086 - INFO - Selected most informative verbtag from: A----- ------ VDA1SR. Using: VDA1SR (with 0 hyphens)
2025-09-09 16:24:57,086 - INFO - Extracted 50 items from teitok/markers/finished/markers_gold-cs-zrejme.xml
2025-09-09 16:24:57,087 - INFO - Processing marker file: teitok/markers/finished/markers_gold-cs-zretelne.xml
2025-09-09 16:24:57,091 - INFO - Selected most informative verbtag from: VDA3SR VFA---. Using: VDA3SR (with 0 hyphens)
2025-09-09 16:24:57,092 - INFO - Selected most informative verbtag from: VDA3SR VFA---. Using: VDA3SR (with 0 hyphens)
2025-09-09 16:24:57,092 - INFO - Selected most informative verbtag from: VDA3PR VFA---. Using: VDA3PR (with 0 hyphens)
2025-09-09 16:24:57,092 - INFO - Selected most informative verbtag from: A----- VDA1SR. Using: VDA1SR (with 0 hyphens)
2025-09-09 16:24:57,093 - INFO - Selected most informative verbtag from: VDA3PR VFA---. Using: VDA3PR (with 0 hyphens)
2025-09-09 16:24:57,093 - INFO - Selected most informative verbtag from: VDA3SR VFA---. Using: VDA3SR (with 0 hyphens)
2025-09-09 16:24:57,093 - INFO - Selected most informative verbtag from: A----- VDA1SR. Using: VDA1SR (with 0 hyphens)
2025-09-09 16:24:57,093 - INFO - Selected most informative verbtag from: A----- VDA2PR. Using: VDA2PR (with 0 hyphens)
2025-09-09 16:24:57,095 - INFO - Selected most informative verbtag from: VDA1SR A-----. Using: VDA1SR (with 0 hyphens)
2025-09-09 16:24:57,095 - INFO - Selected most informative verbtag from: A----- VDP3SR. Using: VDP3SR (with 0 hyphens)
2025-09-09 16:24:57,095 - INFO - Selected most informative verbtag from: A----- VDP3SP. Using: VDP3SP (with 0 hyphens)
2025-09-09 16:24:57,095 - INFO - Selected most informative verbtag from: VDA3SR VFA---. Using: VDA3SR (with 0 hyphens)
2025-09-09 16:24:57,095 - INFO - Selected most informative verbtag from: VDA1SR A-----. Using: VDA1SR (with 0 hyphens)
2025-09-09 16:24:57,095 - INFO - Selected most informative verbtag from: VDA1SR A-----. Using: VDA1SR (with 0 hyphens)
2025-09-09 16:24:57,096 - INFO - Extracted 50 items from teitok/markers/finished/markers_gold-cs-zretelne.xml
2025-09-09 16:24:57,096 - INFO - Processing marker file: teitok/markers/finished/markers_gold-en-asi.xml
2025-09-09 16:24:57,101 - INFO - Selected most informative verbtag from: A----- VDP3PR. Using: VDP3PR (with 0 hyphens)
2025-09-09 16:24:57,104 - INFO - Selected most informative verbtag from: A----- VDA1SR. Using: VDA1SR (with 0 hyphens)
2025-09-09 16:24:57,113 - INFO - Selected most informative verbtag from: ------|A----- VDA2SR. Using: VDA2SR (with 0 hyphens)
2025-09-09 16:24:57,114 - INFO - Selected most informative verbtag from: A----- VDA2PR. Using: VDA2PR (with 0 hyphens)
2025-09-09 16:24:57,114 - INFO - Selected most informative verbtag from: VDA1SP VFA---. Using: VDA1SP (with 0 hyphens)
2025-09-09 16:24:57,115 - INFO - Selected most informative verbtag from: A----- VCA1SP. Using: VCA1SP (with 0 hyphens)
2025-09-09 16:24:57,115 - INFO - Selected most informative verbtag from: A----- VCA1PP. Using: VCA1PP (with 0 hyphens)
2025-09-09 16:24:57,116 - INFO - Extracted 50 items from teitok/markers/finished/markers_gold-en-asi.xml
2025-09-09 16:24:57,116 - INFO - Processing marker file: teitok/markers/finished/markers_gold-en-bezpecne.xml
2025-09-09 16:24:57,120 - INFO - Selected most informative verbtag from: A----- VDP3SP. Using: VDP3SP (with 0 hyphens)
2025-09-09 16:24:57,121 - INFO - Selected most informative verbtag from: ------|A----- ------ VCA1PP. Using: VCA1PP (with 0 hyphens)
2025-09-09 16:24:57,121 - INFO - Selected most informative verbtag from: A----- VDA1SR. Using: VDA1SR (with 0 hyphens)
2025-09-09 16:24:57,121 - INFO - Selected most informative verbtag from: VIA2P- ------ VFA---. Using: VIA2P- (with 1 hyphens)
2025-09-09 16:24:57,121 - INFO - Selected most informative verbtag from: A----- VDA1SR. Using: VDA1SR (with 0 hyphens)
2025-09-09 16:24:57,122 - INFO - Selected most informative verbtag from: VCA1SP ------|A-----. Using: VCA1SP (with 0 hyphens)
2025-09-09 16:24:57,122 - INFO - Selected most informative verbtag from: A----- VDA1SR. Using: VDA1SR (with 0 hyphens)
2025-09-09 16:24:57,122 - INFO - Selected most informative verbtag from: ------ A----- VDA1PF VFA---. Using: VDA1PF (with 0 hyphens)
2025-09-09 16:24:57,122 - INFO - Selected most informative verbtag from: VCA3SP ------|A-----. Using: VCA3SP (with 0 hyphens)
2025-09-09 16:24:57,122 - INFO - Selected most informative verbtag from: ------|A----- VCA2SP. Using: VCA2SP (with 0 hyphens)
2025-09-09 16:24:57,122 - INFO - Selected most informative verbtag from: VDA3PP VFA---. Using: VDA3PP (with 0 hyphens)
2025-09-09 16:24:57,122 - INFO - Selected most informative verbtag from: A----- VDA1PR. Using: VDA1PR (with 0 hyphens)
2025-09-09 16:24:57,122 - INFO - Selected most informative verbtag from: A----- VDP3PR. Using: VDP3PR (with 0 hyphens)
2025-09-09 16:24:57,123 - INFO - Selected most informative verbtag from: VDA1SR VFA--- ------. Using: VDA1SR (with 0 hyphens)
2025-09-09 16:24:57,123 - INFO - Selected most informative verbtag from: A----- ------ VDA1SR VFA---. Using: VDA1SR (with 0 hyphens)
2025-09-09 16:24:57,123 - INFO - Selected most informative verbtag from: VDA3SR VFA---. Using: VDA3SR (with 0 hyphens)
2025-09-09 16:24:57,123 - INFO - Selected most informative verbtag from: A----- VDA1PR. Using: VDA1PR (with 0 hyphens)
2025-09-09 16:24:57,123 - INFO - Selected most informative verbtag from: VCA3SP ------|A-----. Using: VCA3SP (with 0 hyphens)
2025-09-09 16:24:57,124 - INFO - Selected most informative verbtag from: VCA3PP VFA---. Using: VCA3PP (with 0 hyphens)
2025-09-09 16:24:57,124 - INFO - Extracted 50 items from teitok/markers/finished/markers_gold-en-bezpecne.xml
2025-09-09 16:24:57,124 - INFO - Processing marker file: teitok/markers/finished/markers_gold-en-bezpochyby.xml
2025-09-09 16:24:57,131 - INFO - Selected most informative verbtag from: A----- ------ VCA3SP. Using: VCA3SP (with 0 hyphens)
2025-09-09 16:24:57,131 - INFO - Selected most informative verbtag from: A----- VCA3SP. Using: VCA3SP (with 0 hyphens)
2025-09-09 16:24:57,131 - INFO - Selected most informative verbtag from: A----- VDA1SR. Using: VDA1SR (with 0 hyphens)
2025-09-09 16:24:57,131 - INFO - Selected most informative verbtag from: A----- ------ VCA3SP. Using: VCA3SP (with 0 hyphens)
2025-09-09 16:24:57,131 - INFO - Selected most informative verbtag from: A----- VDA1SR. Using: VDA1SR (with 0 hyphens)
2025-09-09 16:24:57,132 - INFO - Selected most informative verbtag from: VDA3PR VFA---. Using: VDA3PR (with 0 hyphens)
2025-09-09 16:24:57,132 - INFO - Selected most informative verbtag from: A----- VDA3SF. Using: VDA3SF (with 0 hyphens)
2025-09-09 16:24:57,132 - INFO - Selected most informative verbtag from: A----- VDA3SF. Using: VDA3SF (with 0 hyphens)
2025-09-09 16:24:57,132 - INFO - Selected most informative verbtag from: A----- ------ VFA--- VCA3PP. Using: VCA3PP (with 0 hyphens)
2025-09-09 16:24:57,132 - INFO - Selected most informative verbtag from: A----- VCA3SP. Using: VCA3SP (with 0 hyphens)
2025-09-09 16:24:57,133 - INFO - Selected most informative verbtag from: A----- VDA3SF. Using: VDA3SF (with 0 hyphens)
2025-09-09 16:24:57,133 - INFO - Extracted 50 items from teitok/markers/finished/markers_gold-en-bezpochyby.xml
2025-09-09 16:24:57,133 - INFO - Processing marker file: teitok/markers/finished/markers_gold-en-doopravdy.xml
2025-09-09 16:24:57,139 - INFO - Selected most informative verbtag from: A----- ------ VDA1SR. Using: VDA1SR (with 0 hyphens)
2025-09-09 16:24:57,139 - INFO - Selected most informative verbtag from: A----- VDA3SR. Using: VDA3SR (with 0 hyphens)
2025-09-09 16:24:57,139 - INFO - Selected most informative verbtag from: A----- VDP3SP. Using: VDP3SP (with 0 hyphens)
2025-09-09 16:24:57,140 - INFO - Selected most informative verbtag from: ------|A----- VCA2SP. Using: VCA2SP (with 0 hyphens)
2025-09-09 16:24:57,140 - INFO - Selected most informative verbtag from: VDA1PR A-----. Using: VDA1PR (with 0 hyphens)
2025-09-09 16:24:57,141 - INFO - Extracted 50 items from teitok/markers/finished/markers_gold-en-doopravdy.xml
2025-09-09 16:24:57,142 - INFO - Processing marker file: teitok/markers/finished/markers_gold-en-evidentne.xml
2025-09-09 16:24:57,153 - INFO - Selected most informative verbtag from: A----- VDP3SR. Using: VDP3SR (with 0 hyphens)
2025-09-09 16:24:57,153 - INFO - Selected most informative verbtag from: VDA3SR VFA---. Using: VDA3SR (with 0 hyphens)
2025-09-09 16:24:57,154 - INFO - Selected most informative verbtag from: VFA--- VDA3SR. Using: VDA3SR (with 0 hyphens)
2025-09-09 16:24:57,154 - INFO - Selected most informative verbtag from: ------ VDA3SR VFA---. Using: VDA3SR (with 0 hyphens)
2025-09-09 16:24:57,155 - INFO - Selected most informative verbtag from: A----- ------ VDA2vR. Using: VDA2vR (with 0 hyphens)
2025-09-09 16:24:57,156 - INFO - Extracted 50 items from teitok/markers/finished/markers_gold-en-evidentne.xml
2025-09-09 16:24:57,156 - INFO - Processing marker file: teitok/markers/finished/markers_gold-en-fakt.xml
2025-09-09 16:24:57,163 - INFO - Selected most informative verbtag from: VDA1SR A----- --p---. Using: VDA1SR (with 0 hyphens)
2025-09-09 16:24:57,164 - INFO - Selected most informative verbtag from: A----- VCA3PP. Using: VCA3PP (with 0 hyphens)
2025-09-09 16:24:57,164 - INFO - Selected most informative verbtag from: A----- VDA1SR. Using: VDA1SR (with 0 hyphens)
2025-09-09 16:24:57,164 - INFO - Selected most informative verbtag from: VDA1SP VFA---. Using: VDA1SP (with 0 hyphens)
2025-09-09 16:24:57,165 - INFO - Selected most informative verbtag from: A----- VCA3SP. Using: VCA3SP (with 0 hyphens)
2025-09-09 16:24:57,166 - INFO - Extracted 50 items from teitok/markers/finished/markers_gold-en-fakt.xml
2025-09-09 16:24:57,166 - INFO - Processing marker file: teitok/markers/finished/markers_gold-en-jasne.xml
2025-09-09 16:24:57,172 - INFO - Extracted 50 items from teitok/markers/finished/markers_gold-en-jasne.xml
2025-09-09 16:24:57,172 - INFO - Processing marker file: teitok/markers/finished/markers_gold-en-jednoznacne.xml
2025-09-09 16:24:57,179 - INFO - Extracted 50 items from teitok/markers/finished/markers_gold-en-jednoznacne.xml
2025-09-09 16:24:57,179 - INFO - Processing marker file: teitok/markers/finished/markers_gold-en-jiste.xml
2025-09-09 16:24:57,184 - INFO - Selected most informative verbtag from: A----- VCA3SP ------. Using: VCA3SP (with 0 hyphens)
2025-09-09 16:24:57,184 - INFO - Selected most informative verbtag from: A----- VDA1SR. Using: VDA1SR (with 0 hyphens)
2025-09-09 16:24:57,185 - INFO - Selected most informative verbtag from: A----- VDA3SF. Using: VDA3SF (with 0 hyphens)
2025-09-09 16:24:57,185 - INFO - Selected most informative verbtag from: A----- VCA3SP. Using: VCA3SP (with 0 hyphens)
2025-09-09 16:24:57,185 - INFO - Selected most informative verbtag from: A----- VDA2vR. Using: VDA2vR (with 0 hyphens)
2025-09-09 16:24:57,185 - INFO - Selected most informative verbtag from: A----- VCA2vP. Using: VCA2vP (with 0 hyphens)
2025-09-09 16:24:57,186 - INFO - Selected most informative verbtag from: VCA3SP A----- ------ VFA---. Using: VCA3SP (with 0 hyphens)
2025-09-09 16:24:57,186 - INFO - Multiple verbtags with same informativeness found: A----- VCA3SP VDA3SR. Using the first one with 0 hyphens: VCA3SP
2025-09-09 16:24:57,186 - INFO - Selected most informative verbtag from: A----- VDA3PF ------. Using: VDA3PF (with 0 hyphens)
2025-09-09 16:24:57,186 - INFO - Selected most informative verbtag from: VDA3SR VFA---. Using: VDA3SR (with 0 hyphens)
2025-09-09 16:24:57,187 - INFO - Selected most informative verbtag from: A----- VCA3SP. Using: VCA3SP (with 0 hyphens)
2025-09-09 16:24:57,187 - INFO - Selected most informative verbtag from: VDA2vR A-----. Using: VDA2vR (with 0 hyphens)
2025-09-09 16:24:57,187 - INFO - Selected most informative verbtag from: VDA3SF A-----. Using: VDA3SF (with 0 hyphens)
2025-09-09 16:24:57,188 - INFO - Selected most informative verbtag from: A----- ------ VCA1SP. Using: VCA1SP (with 0 hyphens)
2025-09-09 16:24:57,188 - INFO - Selected most informative verbtag from: A----- VCA3SP. Using: VCA3SP (with 0 hyphens)
2025-09-09 16:24:57,188 - INFO - Extracted 50 items from teitok/markers/finished/markers_gold-en-jiste.xml
2025-09-09 16:24:57,188 - INFO - Processing marker file: teitok/markers/finished/markers_gold-en-kazdopadne.xml
2025-09-09 16:24:57,193 - INFO - Selected most informative verbtag from: VDA3SR VFA---. Using: VDA3SR (with 0 hyphens)
2025-09-09 16:24:57,193 - INFO - Selected most informative verbtag from: A----- VCA3SP. Using: VCA3SP (with 0 hyphens)
2025-09-09 16:24:57,193 - INFO - Selected most informative verbtag from: VDA3SR VFA---. Using: VDA3SR (with 0 hyphens)
2025-09-09 16:24:57,193 - INFO - Selected most informative verbtag from: VDA3SR VFA---. Using: VDA3SR (with 0 hyphens)
2025-09-09 16:24:57,194 - INFO - Selected most informative verbtag from: VDA1SP VFA---. Using: VDA1SP (with 0 hyphens)
2025-09-09 16:24:57,194 - INFO - Selected most informative verbtag from: A----- VDA2vR. Using: VDA2vR (with 0 hyphens)
2025-09-09 16:24:57,194 - INFO - Selected most informative verbtag from: A----- VCA3SP. Using: VCA3SP (with 0 hyphens)
2025-09-09 16:24:57,194 - INFO - Selected most informative verbtag from: A----- VDP3SR. Using: VDP3SR (with 0 hyphens)
2025-09-09 16:24:57,195 - INFO - Selected most informative verbtag from: A----- VCA3SP. Using: VCA3SP (with 0 hyphens)
2025-09-09 16:24:57,195 - INFO - Extracted 50 items from teitok/markers/finished/markers_gold-en-kazdopadne.xml
2025-09-09 16:24:57,195 - INFO - Processing marker file: teitok/markers/finished/markers_gold-en-mozna.xml
2025-09-09 16:24:57,199 - INFO - Selected most informative verbtag from: VDA3SR VFA---. Using: VDA3SR (with 0 hyphens)
2025-09-09 16:24:57,200 - INFO - Selected most informative verbtag from: A----- VCA1SP. Using: VCA1SP (with 0 hyphens)
2025-09-09 16:24:57,200 - INFO - Selected most informative verbtag from: A----- VDA2SF. Using: VDA2SF (with 0 hyphens)
2025-09-09 16:24:57,200 - INFO - Selected most informative verbtag from: A----- VDA1SR. Using: VDA1SR (with 0 hyphens)
2025-09-09 16:24:57,200 - INFO - Selected most informative verbtag from: A----- VDA1SR. Using: VDA1SR (with 0 hyphens)
2025-09-09 16:24:57,200 - INFO - Selected most informative verbtag from: A----- ------|A----- VCA2SP VFA---. Using: VCA2SP (with 0 hyphens)
2025-09-09 16:24:57,201 - INFO - Selected most informative verbtag from: A----- VDP2vP. Using: VDP2vP (with 0 hyphens)
2025-09-09 16:24:57,201 - INFO - Selected most informative verbtag from: VDA3PR VFA---. Using: VDA3PR (with 0 hyphens)
2025-09-09 16:24:57,201 - INFO - Selected most informative verbtag from: A----- VDA1SR. Using: VDA1SR (with 0 hyphens)
2025-09-09 16:24:57,202 - INFO - Selected most informative verbtag from: A----- VCA1SP VFA---. Using: VCA1SP (with 0 hyphens)
2025-09-09 16:24:57,202 - INFO - Selected most informative verbtag from: A----- VCA1SP. Using: VCA1SP (with 0 hyphens)
2025-09-09 16:24:57,202 - INFO - Selected most informative verbtag from: A----- ------ VCA1SP VFA---. Using: VCA1SP (with 0 hyphens)
2025-09-09 16:24:57,203 - INFO - Selected most informative verbtag from: ------|A----- VCA3SP. Using: VCA3SP (with 0 hyphens)
2025-09-09 16:24:57,203 - INFO - Extracted 50 items from teitok/markers/finished/markers_gold-en-mozna.xml
2025-09-09 16:24:57,203 - INFO - Processing marker file: teitok/markers/finished/markers_gold-en-nejspis.xml
2025-09-09 16:24:57,208 - INFO - Selected most informative verbtag from: A----- VDA2PR. Using: VDA2PR (with 0 hyphens)
2025-09-09 16:24:57,208 - INFO - Multiple verbtags with same informativeness found: VDA2PP ------ ------ VDA2vR. Using the first one with 0 hyphens: VDA2PP
2025-09-09 16:24:57,209 - INFO - Multiple verbtags with same informativeness found: A----- ------ VCA3SP ------ VCA3SP. Using the first one with 0 hyphens: VCA3SP
2025-09-09 16:24:57,209 - INFO - Selected most informative verbtag from: A----- VCA3SP VFA---. Using: VCA3SP (with 0 hyphens)
2025-09-09 16:24:57,209 - INFO - Selected most informative verbtag from: A----- VDP3PP. Using: VDP3PP (with 0 hyphens)
2025-09-09 16:24:57,209 - INFO - Selected most informative verbtag from: ------ VDA3SR VFA---. Using: VDA3SR (with 0 hyphens)
2025-09-09 16:24:57,210 - INFO - Selected most informative verbtag from: A----- VDA2vR. Using: VDA2vR (with 0 hyphens)
2025-09-09 16:24:57,210 - INFO - Selected most informative verbtag from: ------ VDA3PR VFA---. Using: VDA3PR (with 0 hyphens)
2025-09-09 16:24:57,210 - INFO - Selected most informative verbtag from: A----- VDA3PF. Using: VDA3PF (with 0 hyphens)
2025-09-09 16:24:57,210 - INFO - Selected most informative verbtag from: A----- ------ VCA3PP. Using: VCA3PP (with 0 hyphens)
2025-09-09 16:24:57,210 - INFO - Selected most informative verbtag from: A----- VDA3SF. Using: VDA3SF (with 0 hyphens)
2025-09-09 16:24:57,210 - INFO - Selected most informative verbtag from: A----- VCA1SP. Using: VCA1SP (with 0 hyphens)
2025-09-09 16:24:57,210 - INFO - Selected most informative verbtag from: VDA3SP --p---. Using: VDA3SP (with 0 hyphens)
2025-09-09 16:24:57,211 - INFO - Selected most informative verbtag from: A----- VCA1SP VFA---. Using: VCA1SP (with 0 hyphens)
2025-09-09 16:24:57,211 - INFO - Selected most informative verbtag from: A----- VDA3SF. Using: VDA3SF (with 0 hyphens)
2025-09-09 16:24:57,211 - INFO - Extracted 50 items from teitok/markers/finished/markers_gold-en-nejspis.xml
2025-09-09 16:24:57,211 - INFO - Processing marker file: teitok/markers/finished/markers_gold-en-nepochybne.xml
2025-09-09 16:24:57,215 - INFO - Selected most informative verbtag from: A----- VDA3SF. Using: VDA3SF (with 0 hyphens)
2025-09-09 16:24:57,215 - INFO - Selected most informative verbtag from: A----- VDA1SR. Using: VDA1SR (with 0 hyphens)
2025-09-09 16:24:57,216 - INFO - Selected most informative verbtag from: A----- VDA3SF. Using: VDA3SF (with 0 hyphens)
2025-09-09 16:24:57,216 - INFO - Selected most informative verbtag from: VDA3SP ------ VFA---. Using: VDA3SP (with 0 hyphens)
2025-09-09 16:24:57,217 - INFO - Selected most informative verbtag from: A----- VDA3SF. Using: VDA3SF (with 0 hyphens)
2025-09-09 16:24:57,217 - INFO - Selected most informative verbtag from: A----- VDA2vR. Using: VDA2vR (with 0 hyphens)
2025-09-09 16:24:57,217 - INFO - Selected most informative verbtag from: A----- VCA3SP. Using: VCA3SP (with 0 hyphens)
2025-09-09 16:24:57,217 - INFO - Extracted 50 items from teitok/markers/finished/markers_gold-en-nepochybne.xml
2025-09-09 16:24:57,217 - INFO - Processing marker file: teitok/markers/finished/markers_gold-en-nutne.xml
2025-09-09 16:24:57,222 - INFO - Selected most informative verbtag from: A----- VCA3SP VFA--- --p---. Using: VCA3SP (with 0 hyphens)
2025-09-09 16:24:57,222 - INFO - Selected most informative verbtag from: VDA3PP VFA---. Using: VDA3PP (with 0 hyphens)
2025-09-09 16:24:57,223 - INFO - Selected most informative verbtag from: VDA3SR VFA--- ------. Using: VDA3SR (with 0 hyphens)
2025-09-09 16:24:57,223 - INFO - Selected most informative verbtag from: VDA3PP VFA---. Using: VDA3PP (with 0 hyphens)
2025-09-09 16:24:57,224 - INFO - Extracted 50 items from teitok/markers/finished/markers_gold-en-nutne.xml
2025-09-09 16:24:57,224 - INFO - Processing marker file: teitok/markers/finished/markers_gold-en-ocividne.xml
2025-09-09 16:24:57,229 - INFO - Selected most informative verbtag from: A----- VDP3PR. Using: VDP3PR (with 0 hyphens)
2025-09-09 16:24:57,229 - INFO - Selected most informative verbtag from: VDA3PR --p---. Using: VDA3PR (with 0 hyphens)
2025-09-09 16:24:57,229 - INFO - Selected most informative verbtag from: VDA3SR VOP-S-. Using: VDA3SR (with 0 hyphens)
2025-09-09 16:24:57,230 - INFO - Selected most informative verbtag from: ------ VDA3SR VFA---. Using: VDA3SR (with 0 hyphens)
2025-09-09 16:24:57,230 - INFO - Selected most informative verbtag from: A----- ------ VDA1SR ------. Using: VDA1SR (with 0 hyphens)
2025-09-09 16:24:57,231 - INFO - Extracted 50 items from teitok/markers/finished/markers_gold-en-ocividne.xml
2025-09-09 16:24:57,231 - INFO - Processing marker file: teitok/markers/finished/markers_gold-en-opravdu.xml
2025-09-09 16:24:57,236 - INFO - Selected most informative verbtag from: VDA3SP VFA---. Using: VDA3SP (with 0 hyphens)
2025-09-09 16:24:57,237 - INFO - Selected most informative verbtag from: A----- VDA1SR. Using: VDA1SR (with 0 hyphens)
2025-09-09 16:24:57,237 - INFO - Selected most informative verbtag from: VDA3SP VFA---. Using: VDA3SP (with 0 hyphens)
2025-09-09 16:24:57,237 - INFO - Selected most informative verbtag from: A----- VDA3SR. Using: VDA3SR (with 0 hyphens)
2025-09-09 16:24:57,238 - INFO - Selected most informative verbtag from: VDA1SP VFA---. Using: VDA1SP (with 0 hyphens)
2025-09-09 16:24:57,238 - INFO - Selected most informative verbtag from: VDA1SP VFA---. Using: VDA1SP (with 0 hyphens)
2025-09-09 16:24:57,238 - INFO - Extracted 50 items from teitok/markers/finished/markers_gold-en-opravdu.xml
2025-09-09 16:24:57,239 - INFO - Processing marker file: teitok/markers/finished/markers_gold-en-ovsem.xml
2025-09-09 16:24:57,245 - INFO - Selected most informative verbtag from: A----- VCA1SP. Using: VCA1SP (with 0 hyphens)
2025-09-09 16:24:57,245 - INFO - Extracted 50 items from teitok/markers/finished/markers_gold-en-ovsem.xml
2025-09-09 16:24:57,245 - INFO - Processing marker file: teitok/markers/finished/markers_gold-en-patrne.xml
2025-09-09 16:24:57,250 - INFO - Selected most informative verbtag from: A----- VDA3PF. Using: VDA3PF (with 0 hyphens)
2025-09-09 16:24:57,251 - INFO - Selected most informative verbtag from: VDA3SF VOP-S-. Using: VDA3SF (with 0 hyphens)
2025-09-09 16:24:57,251 - INFO - Selected most informative verbtag from: A----- VDP3SP. Using: VDP3SP (with 0 hyphens)
2025-09-09 16:24:57,251 - INFO - Selected most informative verbtag from: A----- A----- ------ VCA1SR. Using: VCA1SR (with 0 hyphens)
2025-09-09 16:24:57,251 - INFO - Selected most informative verbtag from: A----- VCA3SP. Using: VCA3SP (with 0 hyphens)
2025-09-09 16:24:57,251 - INFO - Selected most informative verbtag from: VDA1PF ------ A-----. Using: VDA1PF (with 0 hyphens)
2025-09-09 16:24:57,251 - INFO - Selected most informative verbtag from: VDA3SP ------ VFA---. Using: VDA3SP (with 0 hyphens)
2025-09-09 16:24:57,252 - INFO - Selected most informative verbtag from: A----- VCA1SP. Using: VCA1SP (with 0 hyphens)
2025-09-09 16:24:57,252 - INFO - Selected most informative verbtag from: A----- VDP3SR. Using: VDP3SR (with 0 hyphens)
2025-09-09 16:24:57,252 - INFO - Selected most informative verbtag from: VCA3SP A-----. Using: VCA3SP (with 0 hyphens)
2025-09-09 16:24:57,252 - INFO - Multiple verbtags with same informativeness found: VCA3SP VCA3SP VFA---. Using the first one with 0 hyphens: VCA3SP
2025-09-09 16:24:57,252 - INFO - Selected most informative verbtag from: A----- A----- VCA3SP. Using: VCA3SP (with 0 hyphens)
2025-09-09 16:24:57,253 - INFO - Extracted 50 items from teitok/markers/finished/markers_gold-en-patrne.xml
2025-09-09 16:24:57,253 - INFO - Processing marker file: teitok/markers/finished/markers_gold-en-pochopitelne.xml
2025-09-09 16:24:57,258 - INFO - Selected most informative verbtag from: A----- VDA3SF. Using: VDA3SF (with 0 hyphens)
2025-09-09 16:24:57,258 - INFO - Selected most informative verbtag from: A----- VDA1SR VFA---. Using: VDA1SR (with 0 hyphens)
2025-09-09 16:24:57,259 - INFO - Selected most informative verbtag from: A----- VDA1SR. Using: VDA1SR (with 0 hyphens)
2025-09-09 16:24:57,259 - INFO - Selected most informative verbtag from: VDA3SR --p---. Using: VDA3SR (with 0 hyphens)
2025-09-09 16:24:57,259 - INFO - Selected most informative verbtag from: A----- VDP3SR. Using: VDP3SR (with 0 hyphens)
2025-09-09 16:24:57,259 - INFO - Selected most informative verbtag from: VCA1SP ------ VFA---. Using: VCA1SP (with 0 hyphens)
2025-09-09 16:24:57,259 - INFO - Selected most informative verbtag from: A----- VDA1SR. Using: VDA1SR (with 0 hyphens)
2025-09-09 16:24:57,259 - INFO - Selected most informative verbtag from: A----- ------ VDA1SR. Using: VDA1SR (with 0 hyphens)
2025-09-09 16:24:57,260 - INFO - Selected most informative verbtag from: A----- ------ VCA3SP. Using: VCA3SP (with 0 hyphens)
2025-09-09 16:24:57,260 - INFO - Selected most informative verbtag from: A----- VDA3SF. Using: VDA3SF (with 0 hyphens)
2025-09-09 16:24:57,260 - INFO - Selected most informative verbtag from: ------ A----- VDA3SF. Using: VDA3SF (with 0 hyphens)
2025-09-09 16:24:57,260 - INFO - Extracted 50 items from teitok/markers/finished/markers_gold-en-pochopitelne.xml
2025-09-09 16:24:57,260 - INFO - Processing marker file: teitok/markers/finished/markers_gold-en-podle_vseho.xml
2025-09-09 16:24:57,265 - INFO - Selected most informative verbtag from: VDA3SR VFA---. Using: VDA3SR (with 0 hyphens)
2025-09-09 16:24:57,266 - INFO - Selected most informative verbtag from: A----- VDA3SF VFA---. Using: VDA3SF (with 0 hyphens)
2025-09-09 16:24:57,268 - INFO - Selected most informative verbtag from: VDA3PR ------ VFA---. Using: VDA3PR (with 0 hyphens)
2025-09-09 16:24:57,269 - INFO - Selected most informative verbtag from: A----- VDA2SR. Using: VDA2SR (with 0 hyphens)
2025-09-09 16:24:57,269 - INFO - Selected most informative verbtag from: VDA3PP --p---. Using: VDA3PP (with 0 hyphens)
2025-09-09 16:24:57,269 - INFO - Selected most informative verbtag from: A----- VDA1PR. Using: VDA1PR (with 0 hyphens)
2025-09-09 16:24:57,269 - INFO - Multiple verbtags with same informativeness found: ------ VDA3SR VDA3SR VDA3SR VDA3SR VDA3SR VDA3SR. Using the first one with 0 hyphens: VDA3SR
2025-09-09 16:24:57,270 - INFO - Multiple verbtags with same informativeness found: VDA3SP VDA3PP. Using the first one with 0 hyphens: VDA3SP
2025-09-09 16:24:57,270 - INFO - Multiple verbtags with same informativeness found: VDA3SP VCA3PP A----- ------ VFA---. Using the first one with 0 hyphens: VDA3SP
2025-09-09 16:24:57,270 - INFO - Selected most informative verbtag from: VDA3PR --p---. Using: VDA3PR (with 0 hyphens)
2025-09-09 16:24:57,270 - INFO - Extracted 50 items from teitok/markers/finished/markers_gold-en-podle_vseho.xml
2025-09-09 16:24:57,272 - INFO - Processing marker file: teitok/markers/finished/markers_gold-en-pravdepodobne.xml
2025-09-09 16:24:57,277 - INFO - Selected most informative verbtag from: VDA1SF VFA---. Using: VDA1SF (with 0 hyphens)
2025-09-09 16:24:57,278 - INFO - Selected most informative verbtag from: A----- VDA3PR. Using: VDA3PR (with 0 hyphens)
2025-09-09 16:24:57,278 - INFO - Selected most informative verbtag from: VDA3PP --p---. Using: VDA3PP (with 0 hyphens)
2025-09-09 16:24:57,279 - INFO - Selected most informative verbtag from: A----- VCA3SP. Using: VCA3SP (with 0 hyphens)
2025-09-09 16:24:57,279 - INFO - Extracted 50 items from teitok/markers/finished/markers_gold-en-pravdepodobne.xml
2025-09-09 16:24:57,279 - INFO - Processing marker file: teitok/markers/finished/markers_gold-en-prirozene.xml
2025-09-09 16:24:57,284 - INFO - Selected most informative verbtag from: A----- VCA3SP. Using: VCA3SP (with 0 hyphens)
2025-09-09 16:24:57,285 - INFO - Selected most informative verbtag from: ------ A----- VDA3SF. Using: VDA3SF (with 0 hyphens)
2025-09-09 16:24:57,285 - INFO - Selected most informative verbtag from: VDA3PR VFA---. Using: VDA3PR (with 0 hyphens)
2025-09-09 16:24:57,286 - INFO - Selected most informative verbtag from: VDA2SP VFA---. Using: VDA2SP (with 0 hyphens)
2025-09-09 16:24:57,286 - INFO - Selected most informative verbtag from: VDA3SR --p---. Using: VDA3SR (with 0 hyphens)
2025-09-09 16:24:57,286 - INFO - Selected most informative verbtag from: VDA3SR VFA---. Using: VDA3SR (with 0 hyphens)
2025-09-09 16:24:57,286 - INFO - Selected most informative verbtag from: A----- VDA3SF. Using: VDA3SF (with 0 hyphens)
2025-09-09 16:24:57,286 - INFO - Extracted 50 items from teitok/markers/finished/markers_gold-en-prirozene.xml
2025-09-09 16:24:57,286 - INFO - Processing marker file: teitok/markers/finished/markers_gold-en-pry.xml
2025-09-09 16:24:57,290 - INFO - Selected most informative verbtag from: VDA3SP VFA---. Using: VDA3SP (with 0 hyphens)
2025-09-09 16:24:57,290 - INFO - Selected most informative verbtag from: ------|A----- VCA3SP. Using: VCA3SP (with 0 hyphens)
2025-09-09 16:24:57,290 - INFO - Selected most informative verbtag from: A----- ------ VCA3PP. Using: VCA3PP (with 0 hyphens)
2025-09-09 16:24:57,290 - INFO - Selected most informative verbtag from: A----- VDA3SF ------ ------. Using: VDA3SF (with 0 hyphens)
2025-09-09 16:24:57,291 - INFO - Selected most informative verbtag from: VDA3SP --p---. Using: VDA3SP (with 0 hyphens)
2025-09-09 16:24:57,291 - INFO - Multiple verbtags with same informativeness found: A----- VDP3SR ------ VDP3SR. Using the first one with 0 hyphens: VDP3SR
2025-09-09 16:24:57,291 - INFO - Extracted 50 items from teitok/markers/finished/markers_gold-en-pry.xml
2025-09-09 16:24:57,291 - INFO - Processing marker file: teitok/markers/finished/markers_gold-en-rozhodne.xml
2025-09-09 16:24:57,296 - INFO - Selected most informative verbtag from: ------ VDA1SP VFA---. Using: VDA1SP (with 0 hyphens)
2025-09-09 16:24:57,296 - INFO - Selected most informative verbtag from: VDA1PP VFA---. Using: VDA1PP (with 0 hyphens)
2025-09-09 16:24:57,296 - INFO - Selected most informative verbtag from: ------ VDA3SR VFA---. Using: VDA3SR (with 0 hyphens)
2025-09-09 16:24:57,296 - INFO - Selected most informative verbtag from: A----- VDA3PF VFA---. Using: VDA3PF (with 0 hyphens)
2025-09-09 16:24:57,296 - INFO - Selected most informative verbtag from: ------ VDA3SR VFA---. Using: VDA3SR (with 0 hyphens)
2025-09-09 16:24:57,297 - INFO - Selected most informative verbtag from: ------ VFA--- VDA3SF. Using: VDA3SF (with 0 hyphens)
2025-09-09 16:24:57,297 - INFO - Extracted 50 items from teitok/markers/finished/markers_gold-en-rozhodne.xml
2025-09-09 16:24:57,297 - INFO - Processing marker file: teitok/markers/finished/markers_gold-en-samozrejme.xml
2025-09-09 16:24:57,301 - INFO - Selected most informative verbtag from: VDA3SR --p---. Using: VDA3SR (with 0 hyphens)
2025-09-09 16:24:57,302 - INFO - Selected most informative verbtag from: A----- VDP3SF. Using: VDP3SF (with 0 hyphens)
2025-09-09 16:24:57,302 - INFO - Selected most informative verbtag from: VDA3SR VFA--- ------. Using: VDA3SR (with 0 hyphens)
2025-09-09 16:24:57,303 - INFO - Selected most informative verbtag from: A----- VDA1SR. Using: VDA1SR (with 0 hyphens)
2025-09-09 16:24:57,303 - INFO - Selected most informative verbtag from: A----- VDP3SR. Using: VDP3SR (with 0 hyphens)
2025-09-09 16:24:57,303 - INFO - Extracted 50 items from teitok/markers/finished/markers_gold-en-samozrejme.xml
2025-09-09 16:24:57,303 - INFO - Processing marker file: teitok/markers/finished/markers_gold-en-skutecne.xml
2025-09-09 16:24:57,307 - INFO - Selected most informative verbtag from: ------ A----- VDA3SF. Using: VDA3SF (with 0 hyphens)
2025-09-09 16:24:57,307 - INFO - Selected most informative verbtag from: VDA1SR A-----. Using: VDA1SR (with 0 hyphens)
2025-09-09 16:24:57,307 - INFO - Selected most informative verbtag from: A----- VDA2PR. Using: VDA2PR (with 0 hyphens)
2025-09-09 16:24:57,307 - INFO - Selected most informative verbtag from: A----- VDP3PR. Using: VDP3PR (with 0 hyphens)
2025-09-09 16:24:57,308 - INFO - Selected most informative verbtag from: A----- ------ VCA1SP. Using: VCA1SP (with 0 hyphens)
2025-09-09 16:24:57,308 - INFO - Selected most informative verbtag from: A----- VDA3SF. Using: VDA3SF (with 0 hyphens)
2025-09-09 16:24:57,308 - INFO - Selected most informative verbtag from: VDA3SP VFA--- ------. Using: VDA3SP (with 0 hyphens)
2025-09-09 16:24:57,309 - INFO - Selected most informative verbtag from: A----- ------ VDA1SR VFA---. Using: VDA1SR (with 0 hyphens)
2025-09-09 16:24:57,309 - INFO - Selected most informative verbtag from: A----- VDA1SR. Using: VDA1SR (with 0 hyphens)
2025-09-09 16:24:57,309 - INFO - Extracted 50 items from teitok/markers/finished/markers_gold-en-skutecne.xml
2025-09-09 16:24:57,309 - INFO - Processing marker file: teitok/markers/finished/markers_gold-en-snad.xml
2025-09-09 16:24:57,312 - INFO - Selected most informative verbtag from: A----- VCA3SP VFA---. Using: VCA3SP (with 0 hyphens)
2025-09-09 16:24:57,313 - INFO - Selected most informative verbtag from: ------|A----- A----- VCP1SP. Using: VCP1SP (with 0 hyphens)
2025-09-09 16:24:57,313 - INFO - Selected most informative verbtag from: ------|A----- VCA3SP. Using: VCA3SP (with 0 hyphens)
2025-09-09 16:24:57,313 - INFO - Selected most informative verbtag from: A----- ------ VCA3SP. Using: VCA3SP (with 0 hyphens)
2025-09-09 16:24:57,313 - INFO - Selected most informative verbtag from: VDA1SP VFA---. Using: VDA1SP (with 0 hyphens)
2025-09-09 16:24:57,313 - INFO - Selected most informative verbtag from: ------ VDA3SP VFA---. Using: VDA3SP (with 0 hyphens)
2025-09-09 16:24:57,313 - INFO - Selected most informative verbtag from: A----- VCA1PP VFA--- VFA---. Using: VCA1PP (with 0 hyphens)
2025-09-09 16:24:57,314 - INFO - Selected most informative verbtag from: A----- VCA3SP VFA---. Using: VCA3SP (with 0 hyphens)
2025-09-09 16:24:57,314 - INFO - Selected most informative verbtag from: A----- ------ VDA1SR. Using: VDA1SR (with 0 hyphens)
2025-09-09 16:24:57,314 - INFO - Selected most informative verbtag from: VDA1SP VFA---. Using: VDA1SP (with 0 hyphens)
2025-09-09 16:24:57,314 - INFO - Selected most informative verbtag from: A----- VDA3SF. Using: VDA3SF (with 0 hyphens)
2025-09-09 16:24:57,314 - INFO - Selected most informative verbtag from: VCA3SP A----- ------. Using: VCA3SP (with 0 hyphens)
2025-09-09 16:24:57,314 - INFO - Selected most informative verbtag from: A----- VDA3SF. Using: VDA3SF (with 0 hyphens)
2025-09-09 16:24:57,314 - INFO - Extracted 50 items from teitok/markers/finished/markers_gold-en-snad.xml
2025-09-09 16:24:57,314 - INFO - Processing marker file: teitok/markers/finished/markers_gold-en-sotva.xml
2025-09-09 16:24:57,319 - INFO - Selected most informative verbtag from: VDA3SR VFA---. Using: VDA3SR (with 0 hyphens)
2025-09-09 16:24:57,319 - INFO - Selected most informative verbtag from: A----- VDP3SP. Using: VDP3SP (with 0 hyphens)
2025-09-09 16:24:57,319 - INFO - Selected most informative verbtag from: A----- VCA3SP VFA---. Using: VCA3SP (with 0 hyphens)
2025-09-09 16:24:57,320 - INFO - Selected most informative verbtag from: A----- VCA3PP. Using: VCA3PP (with 0 hyphens)
2025-09-09 16:24:57,320 - INFO - Selected most informative verbtag from: A----- VCA3SP. Using: VCA3SP (with 0 hyphens)
2025-09-09 16:24:57,320 - INFO - Extracted 50 items from teitok/markers/finished/markers_gold-en-sotva.xml
2025-09-09 16:24:57,320 - INFO - Processing marker file: teitok/markers/finished/markers_gold-en-spis.xml
2025-09-09 16:24:57,324 - INFO - Selected most informative verbtag from: VDA3SP --p---. Using: VDA3SP (with 0 hyphens)
2025-09-09 16:24:57,324 - INFO - Multiple verbtags with same informativeness found: VDA3SR VDA3SR. Using the first one with 0 hyphens: VDA3SR
2025-09-09 16:24:57,325 - INFO - Extracted 50 items from teitok/markers/finished/markers_gold-en-spis.xml
2025-09-09 16:24:57,325 - INFO - Processing marker file: teitok/markers/finished/markers_gold-en-stezi.xml
2025-09-09 16:24:57,361 - INFO - Selected most informative verbtag from: VDA3SR VFA---. Using: VDA3SR (with 0 hyphens)
2025-09-09 16:24:57,362 - INFO - Selected most informative verbtag from: ------ VDA3PF ------ VFA---. Using: VDA3PF (with 0 hyphens)
2025-09-09 16:24:57,362 - INFO - Selected most informative verbtag from: A----- VCA3SP. Using: VCA3SP (with 0 hyphens)
2025-09-09 16:24:57,362 - INFO - Selected most informative verbtag from: VDA3PP VFA---. Using: VDA3PP (with 0 hyphens)
2025-09-09 16:24:57,362 - INFO - Selected most informative verbtag from: A----- VCA3SP. Using: VCA3SP (with 0 hyphens)
2025-09-09 16:24:57,362 - INFO - Selected most informative verbtag from: VDA3SR VFA--- ------. Using: VDA3SR (with 0 hyphens)
2025-09-09 16:24:57,362 - INFO - Selected most informative verbtag from: A----- ------ VCA3SP. Using: VCA3SP (with 0 hyphens)
2025-09-09 16:24:57,363 - INFO - Selected most informative verbtag from: A----- VCA3SP VFA--- ------. Using: VCA3SP (with 0 hyphens)
2025-09-09 16:24:57,363 - INFO - Selected most informative verbtag from: A----- VCA3PP. Using: VCA3PP (with 0 hyphens)
2025-09-09 16:24:57,363 - INFO - Selected most informative verbtag from: ------ VDA3PF VFA---. Using: VDA3PF (with 0 hyphens)
2025-09-09 16:24:57,363 - INFO - Selected most informative verbtag from: ------ VDA3SR VFA---. Using: VDA3SR (with 0 hyphens)
2025-09-09 16:24:57,363 - INFO - Selected most informative verbtag from: A----- VDA1SR VFA---. Using: VDA1SR (with 0 hyphens)
2025-09-09 16:24:57,363 - INFO - Selected most informative verbtag from: VDA3SR --p---. Using: VDA3SR (with 0 hyphens)
2025-09-09 16:24:57,364 - INFO - Selected most informative verbtag from: A----- VCA3SP. Using: VCA3SP (with 0 hyphens)
2025-09-09 16:24:57,364 - INFO - Selected most informative verbtag from: ------ VDA1SP VFA---. Using: VDA1SP (with 0 hyphens)
2025-09-09 16:24:57,364 - INFO - Selected most informative verbtag from: VDA3SR --p---. Using: VDA3SR (with 0 hyphens)
2025-09-09 16:24:57,364 - INFO - Selected most informative verbtag from: VDA3SP VFA---. Using: VDA3SP (with 0 hyphens)
2025-09-09 16:24:57,364 - INFO - Extracted 50 items from teitok/markers/finished/markers_gold-en-stezi.xml
2025-09-09 16:24:57,364 - INFO - Processing marker file: teitok/markers/finished/markers_gold-en-tezko.xml
2025-09-09 16:24:57,369 - INFO - Selected most informative verbtag from: VDA3SF VFA---. Using: VDA3SF (with 0 hyphens)
2025-09-09 16:24:57,369 - INFO - Selected most informative verbtag from: VDA1PP VFA---. Using: VDA1PP (with 0 hyphens)
2025-09-09 16:24:57,369 - INFO - Selected most informative verbtag from: A----- VCA3PP. Using: VCA3PP (with 0 hyphens)
2025-09-09 16:24:57,369 - INFO - Selected most informative verbtag from: A----- VCA3SP VFA---. Using: VCA3SP (with 0 hyphens)
2025-09-09 16:24:57,369 - INFO - Selected most informative verbtag from: VDA3SR VFA---. Using: VDA3SR (with 0 hyphens)
2025-09-09 16:24:57,369 - INFO - Selected most informative verbtag from: A----- VDA3SF VFA---. Using: VDA3SF (with 0 hyphens)
2025-09-09 16:24:57,370 - INFO - Selected most informative verbtag from: ------ VDA3SR VFA---. Using: VDA3SR (with 0 hyphens)
2025-09-09 16:24:57,370 - INFO - Selected most informative verbtag from: A----- ------ VCA3PP VFA---. Using: VCA3PP (with 0 hyphens)
2025-09-09 16:24:57,370 - INFO - Selected most informative verbtag from: VDA3PR VFA---. Using: VDA3PR (with 0 hyphens)
2025-09-09 16:24:57,370 - INFO - Selected most informative verbtag from: A----- VCA3SP ------. Using: VCA3SP (with 0 hyphens)
2025-09-09 16:24:57,370 - INFO - Selected most informative verbtag from: A----- VDA2PR VFA---. Using: VDA2PR (with 0 hyphens)
2025-09-09 16:24:57,371 - INFO - Selected most informative verbtag from: VDA3SR VFA---. Using: VDA3SR (with 0 hyphens)
2025-09-09 16:24:57,371 - INFO - Extracted 50 items from teitok/markers/finished/markers_gold-en-tezko.xml
2025-09-09 16:24:57,371 - INFO - Processing marker file: teitok/markers/finished/markers_gold-en-treba.xml
2025-09-09 16:24:57,375 - INFO - Selected most informative verbtag from: A----- ------ VDA3SF. Using: VDA3SF (with 0 hyphens)
2025-09-09 16:24:57,375 - INFO - Selected most informative verbtag from: VDA3PR VFA---. Using: VDA3PR (with 0 hyphens)
2025-09-09 16:24:57,376 - INFO - Selected most informative verbtag from: A----- VCA1SP VFA---. Using: VCA1SP (with 0 hyphens)
2025-09-09 16:24:57,376 - INFO - Selected most informative verbtag from: ------|A----- VCA1SP. Using: VCA1SP (with 0 hyphens)
2025-09-09 16:24:57,376 - INFO - Selected most informative verbtag from: A----- VCA2SP VFA---. Using: VCA2SP (with 0 hyphens)
2025-09-09 16:24:57,377 - INFO - Selected most informative verbtag from: ------|A----- VCA3PP VFA---. Using: VCA3PP (with 0 hyphens)
2025-09-09 16:24:57,377 - INFO - Selected most informative verbtag from: A----- VCA3SP VFA--- ------. Using: VCA3SP (with 0 hyphens)
2025-09-09 16:24:57,377 - INFO - Selected most informative verbtag from: A----- VDA1PF. Using: VDA1PF (with 0 hyphens)
2025-09-09 16:24:57,377 - INFO - Extracted 50 items from teitok/markers/finished/markers_gold-en-treba.xml
2025-09-09 16:24:57,377 - INFO - Processing marker file: teitok/markers/finished/markers_gold-en-udajne.xml
2025-09-09 16:24:57,382 - INFO - Selected most informative verbtag from: VFA--- VDA3PP. Using: VDA3PP (with 0 hyphens)
2025-09-09 16:24:57,382 - INFO - Selected most informative verbtag from: VDA3SR VFA---. Using: VDA3SR (with 0 hyphens)
2025-09-09 16:24:57,382 - INFO - Selected most informative verbtag from: A----- VDA2vR. Using: VDA2vR (with 0 hyphens)
2025-09-09 16:24:57,382 - INFO - Selected most informative verbtag from: VDA3SR VFA---. Using: VDA3SR (with 0 hyphens)
2025-09-09 16:24:57,382 - INFO - Selected most informative verbtag from: A----- VCA3PP VFA--- ------ ------. Using: VCA3PP (with 0 hyphens)
2025-09-09 16:24:57,382 - INFO - Selected most informative verbtag from: VDA3PP VFA---. Using: VDA3PP (with 0 hyphens)
2025-09-09 16:24:57,382 - INFO - Selected most informative verbtag from: A----- ------ VDA1SR. Using: VDA1SR (with 0 hyphens)
2025-09-09 16:24:57,382 - INFO - Selected most informative verbtag from: A----- VCA3SP VFA---. Using: VCA3SP (with 0 hyphens)
2025-09-09 16:24:57,383 - INFO - Selected most informative verbtag from: ------ VDA1SP VFA---. Using: VDA1SP (with 0 hyphens)
2025-09-09 16:24:57,383 - INFO - Selected most informative verbtag from: VDA3SR VFA--- ------. Using: VDA3SR (with 0 hyphens)
2025-09-09 16:24:57,383 - INFO - Selected most informative verbtag from: VDA3SR VFA---. Using: VDA3SR (with 0 hyphens)
2025-09-09 16:24:57,383 - INFO - Selected most informative verbtag from: A----- VDP3PR. Using: VDP3PR (with 0 hyphens)
2025-09-09 16:24:57,383 - INFO - Selected most informative verbtag from: VDA3SP VFA---. Using: VDA3SP (with 0 hyphens)
2025-09-09 16:24:57,383 - INFO - Selected most informative verbtag from: VDA3SR VFA---. Using: VDA3SR (with 0 hyphens)
2025-09-09 16:24:57,383 - INFO - Selected most informative verbtag from: A----- VDP3SR. Using: VDP3SR (with 0 hyphens)
2025-09-09 16:24:57,384 - INFO - Selected most informative verbtag from: VDA3SR VFA---. Using: VDA3SR (with 0 hyphens)
2025-09-09 16:24:57,385 - INFO - Selected most informative verbtag from: A----- VDA1SR VFA--- ------. Using: VDA1SR (with 0 hyphens)
2025-09-09 16:24:57,385 - INFO - Extracted 50 items from teitok/markers/finished/markers_gold-en-udajne.xml
2025-09-09 16:24:57,385 - INFO - Processing marker file: teitok/markers/finished/markers_gold-en-urcite.xml
2025-09-09 16:24:57,391 - INFO - Selected most informative verbtag from: A----- VCA3SP. Using: VCA3SP (with 0 hyphens)
2025-09-09 16:24:57,391 - INFO - Selected most informative verbtag from: ------ VDA1PP VFA---. Using: VDA1PP (with 0 hyphens)
2025-09-09 16:24:57,391 - INFO - Selected most informative verbtag from: A----- ------ VDA2PR. Using: VDA2PR (with 0 hyphens)
2025-09-09 16:24:57,391 - INFO - Selected most informative verbtag from: A----- ------ VCA3SP. Using: VCA3SP (with 0 hyphens)
2025-09-09 16:24:57,391 - INFO - Selected most informative verbtag from: A----- ------ VCA3SP. Using: VCA3SP (with 0 hyphens)
2025-09-09 16:24:57,391 - INFO - Selected most informative verbtag from: A----- A----- VCA1PR VFA---. Using: VCA1PR (with 0 hyphens)
2025-09-09 16:24:57,391 - INFO - Selected most informative verbtag from: VCA3SP A----- ------. Using: VCA3SP (with 0 hyphens)
2025-09-09 16:24:57,392 - INFO - Selected most informative verbtag from: ------ VDA2SP VFA---. Using: VDA2SP (with 0 hyphens)
2025-09-09 16:24:57,392 - INFO - Selected most informative verbtag from: VDA3PR --p---. Using: VDA3PR (with 0 hyphens)
2025-09-09 16:24:57,392 - INFO - Selected most informative verbtag from: VDA3SP VFA---. Using: VDA3SP (with 0 hyphens)
2025-09-09 16:24:57,392 - INFO - Selected most informative verbtag from: ------|A----- VDA2SR. Using: VDA2SR (with 0 hyphens)
2025-09-09 16:24:57,392 - INFO - Selected most informative verbtag from: VCA3SP A----- ------. Using: VCA3SP (with 0 hyphens)
2025-09-09 16:24:57,392 - INFO - Selected most informative verbtag from: VDA3SR VFA---. Using: VDA3SR (with 0 hyphens)
2025-09-09 16:24:57,393 - INFO - Selected most informative verbtag from: VCA3SP VFA---. Using: VCA3SP (with 0 hyphens)
2025-09-09 16:24:57,393 - INFO - Extracted 50 items from teitok/markers/finished/markers_gold-en-urcite.xml
2025-09-09 16:24:57,393 - INFO - Processing marker file: teitok/markers/finished/markers_gold-en-vazne.xml
2025-09-09 16:24:57,397 - INFO - Selected most informative verbtag from: A----- VDA1PR. Using: VDA1PR (with 0 hyphens)
2025-09-09 16:24:57,397 - INFO - Selected most informative verbtag from: A----- VCA1SP VFA--- ------. Using: VCA1SP (with 0 hyphens)
2025-09-09 16:24:57,398 - INFO - Selected most informative verbtag from: A----- ------ VDA1SR. Using: VDA1SR (with 0 hyphens)
2025-09-09 16:24:57,398 - INFO - Selected most informative verbtag from: VDA1PP ------ VFA---. Using: VDA1PP (with 0 hyphens)
2025-09-09 16:24:57,398 - INFO - Extracted 50 items from teitok/markers/finished/markers_gold-en-vazne.xml
2025-09-09 16:24:57,398 - INFO - Processing marker file: teitok/markers/finished/markers_gold-en-vskutku.xml
2025-09-09 16:24:57,403 - INFO - Selected most informative verbtag from: A----- VDA3SF. Using: VDA3SF (with 0 hyphens)
2025-09-09 16:24:57,403 - INFO - Selected most informative verbtag from: A----- VCA3SP. Using: VCA3SP (with 0 hyphens)
2025-09-09 16:24:57,404 - INFO - Selected most informative verbtag from: A----- VDA1SR ------. Using: VDA1SR (with 0 hyphens)
2025-09-09 16:24:57,404 - INFO - Selected most informative verbtag from: A----- VCA3SP ------. Using: VCA3SP (with 0 hyphens)
2025-09-09 16:24:57,404 - INFO - Extracted 50 items from teitok/markers/finished/markers_gold-en-vskutku.xml
2025-09-09 16:24:57,404 - INFO - Processing marker file: teitok/markers/finished/markers_gold-en-zajiste.xml
2025-09-09 16:24:57,410 - INFO - Selected most informative verbtag from: VDA1SP VFA---. Using: VDA1SP (with 0 hyphens)
2025-09-09 16:24:57,410 - INFO - Selected most informative verbtag from: A----- VDP3SR. Using: VDP3SR (with 0 hyphens)
2025-09-09 16:24:57,412 - INFO - Selected most informative verbtag from: A----- VDA2vR. Using: VDA2vR (with 0 hyphens)
2025-09-09 16:24:57,412 - INFO - Extracted 50 items from teitok/markers/finished/markers_gold-en-zajiste.xml
2025-09-09 16:24:57,413 - INFO - Processing marker file: teitok/markers/finished/markers_gold-en-zjevne.xml
2025-09-09 16:24:57,418 - INFO - Selected most informative verbtag from: VDA3SR VFA---. Using: VDA3SR (with 0 hyphens)
2025-09-09 16:24:57,419 - INFO - Selected most informative verbtag from: A----- VDA1PR. Using: VDA1PR (with 0 hyphens)
2025-09-09 16:24:57,419 - INFO - Selected most informative verbtag from: VDA3SR --p---. Using: VDA3SR (with 0 hyphens)
2025-09-09 16:24:57,419 - INFO - Selected most informative verbtag from: ------ VDA3SR VFA---. Using: VDA3SR (with 0 hyphens)
2025-09-09 16:24:57,419 - INFO - Selected most informative verbtag from: ------ VDA3SR VFA---. Using: VDA3SR (with 0 hyphens)
2025-09-09 16:24:57,420 - INFO - Selected most informative verbtag from: A----- VCA3PP. Using: VCA3PP (with 0 hyphens)
2025-09-09 16:24:57,420 - INFO - Extracted 50 items from teitok/markers/finished/markers_gold-en-zjevne.xml
2025-09-09 16:24:57,420 - INFO - Processing marker file: teitok/markers/finished/markers_gold-en-zrejme.xml
2025-09-09 16:24:57,424 - INFO - Selected most informative verbtag from: VDA3SR VFA---. Using: VDA3SR (with 0 hyphens)
2025-09-09 16:24:57,425 - INFO - Selected most informative verbtag from: VDA2vR A-----. Using: VDA2vR (with 0 hyphens)
2025-09-09 16:24:57,425 - INFO - Multiple verbtags with same informativeness found: VDA3SR VDA3SR. Using the first one with 0 hyphens: VDA3SR
2025-09-09 16:24:57,425 - INFO - Selected most informative verbtag from: VDA3SF VFA---. Using: VDA3SF (with 0 hyphens)
2025-09-09 16:24:57,425 - INFO - Selected most informative verbtag from: A----- VCA3SP ------. Using: VCA3SP (with 0 hyphens)
2025-09-09 16:24:57,427 - INFO - Selected most informative verbtag from: A----- ------ VCA1SP VFA---. Using: VCA1SP (with 0 hyphens)
2025-09-09 16:24:57,427 - INFO - Selected most informative verbtag from: ------ VDA3SF VFA---. Using: VDA3SF (with 0 hyphens)
2025-09-09 16:24:57,427 - INFO - Extracted 50 items from teitok/markers/finished/markers_gold-en-zrejme.xml
2025-09-09 16:24:57,427 - INFO - Processing marker file: teitok/markers/finished/markers_gold-en-zretelne.xml
2025-09-09 16:24:57,432 - INFO - Selected most informative verbtag from: VDA1SR A-----. Using: VDA1SR (with 0 hyphens)
2025-09-09 16:24:57,432 - INFO - Selected most informative verbtag from: VDA1SR A-----. Using: VDA1SR (with 0 hyphens)
2025-09-09 16:24:57,433 - INFO - Selected most informative verbtag from: VDA2SP VFA---. Using: VDA2SP (with 0 hyphens)
2025-09-09 16:24:57,433 - INFO - Selected most informative verbtag from: VDA1SF VFA---. Using: VDA1SF (with 0 hyphens)
2025-09-09 16:24:57,433 - INFO - Selected most informative verbtag from: VDA1SR A----- ------. Using: VDA1SR (with 0 hyphens)
2025-09-09 16:24:57,433 - INFO - Selected most informative verbtag from: VDA3SP ------ VFA---. Using: VDA3SP (with 0 hyphens)
2025-09-09 16:24:57,433 - INFO - Selected most informative verbtag from: VDA1SR A-----. Using: VDA1SR (with 0 hyphens)
2025-09-09 16:24:57,433 - INFO - Selected most informative verbtag from: VDA1SR A-----. Using: VDA1SR (with 0 hyphens)
2025-09-09 16:24:57,433 - INFO - Selected most informative verbtag from: VDA3SR VFA---. Using: VDA3SR (with 0 hyphens)
2025-09-09 16:24:57,434 - INFO - Selected most informative verbtag from: VDA3PR VFA---. Using: VDA3PR (with 0 hyphens)
2025-09-09 16:24:57,434 - INFO - Selected most informative verbtag from: VDA3SR VFA---. Using: VDA3SR (with 0 hyphens)
2025-09-09 16:24:57,434 - INFO - Selected most informative verbtag from: A----- VDA1SR ------ ------. Using: VDA1SR (with 0 hyphens)
2025-09-09 16:24:57,434 - INFO - Selected most informative verbtag from: VDA3SP VFA---. Using: VDA3SP (with 0 hyphens)
2025-09-09 16:24:57,434 - INFO - Extracted 50 items from teitok/markers/finished/markers_gold-en-zretelne.xml
2025-09-09 16:24:57,435 - INFO - Column order: ['URL', 'Vraz', 'Jazyk', 'CQL dotaz', 'ID dokumentu', 'Vraz v etin (ID)', 'Vraz v etin (formy)', 'Vraz v anglitin (ID)', 'Vraz v anglitin (formy)', 'Zarovnn skontrolovno', 'Pklad do slovnku', 'Uit', 'Mra jistoty', 'Poznmka (mra jistoty)', 'Typ komunikan funkce', 'Konkrtn komunikan funkce', 'Poznmka (komunikan funkce)', 'Dosah', 'Predikt', 'Predikt (lemma)', 'Predikt (tag)', 'Predikt (verbtag)', 'Predikt (verbtag) - Typ slovesa', 'Predikt (verbtag) - Typ slovesnho tvaru', 'Predikt (verbtag) - Slovesn rod', 'Predikt (verbtag) - Osoba', 'Predikt (verbtag) - slo', 'Predikt (verbtag) - as', 'len', 'Substituce', 'Pozice v A', 'Msto ve vt', 'Ptomnost negace', 'Kontrast/srovnn', 'Perspektiva modality', 'Modifikace', 'Modifikace (forma)', 'Evidence', 'Typ evidence', 'esk vta', 'Koment']
2025-09-09 16:24:57,437 - INFO - Writing 3968 total rows to XLSX file
2025-09-09 16:24:59,861 - INFO - XLSX export completed successfully: teitok/export/all_finished.xlsx
2025-09-09 16:24:59,864 - INFO - Export completed successfully
